2024-07-30 15:48:57.029+0000 INFO  {plugin-com.neo4j.plugin.jwt.auth.JwtAuthPlugin} jwt.auth.private_key=certificates/security.key.pem
2024-07-30 15:49:05.466+0000 INFO  CREATE USER neo4j PASSWORD ****** CHANGE REQUIRED
2024-07-30 15:49:05.687+0000 INFO  CREATE ROLE admin
2024-07-30 15:49:05.688+0000 INFO  GRANT TRANSACTION MANAGEMENT ON DATABASE * TO admin
2024-07-30 15:49:05.695+0000 INFO  GRANT START ON DATABASE * TO admin
2024-07-30 15:49:05.696+0000 INFO  GRANT STOP ON DATABASE * TO admin
2024-07-30 15:49:05.696+0000 INFO  GRANT ALL ON DBMS TO admin
2024-07-30 15:49:05.696+0000 INFO  GRANT CONSTRAINT MANAGEMENT ON DATABASE * TO admin
2024-07-30 15:49:05.697+0000 INFO  GRANT INDEX MANAGEMENT ON DATABASE * TO admin
2024-07-30 15:49:05.697+0000 INFO  GRANT NAME MANAGEMENT ON DATABASE * TO admin
2024-07-30 15:49:05.697+0000 INFO  GRANT WRITE ON GRAPH * TO admin
2024-07-30 15:49:05.698+0000 INFO  GRANT MATCH {*} ON GRAPH * TO admin
2024-07-30 15:49:05.698+0000 INFO  GRANT ACCESS ON DATABASE * TO admin
2024-07-30 15:49:05.698+0000 INFO  GRANT SHOW INDEX ON DATABASE * TO admin
2024-07-30 15:49:05.698+0000 INFO  GRANT SHOW CONSTRAINTS ON DATABASE * TO admin
2024-07-30 15:49:05.699+0000 INFO  GRANT LOAD ON ALL DATA TO admin
2024-07-30 15:49:05.699+0000 INFO  CREATE ROLE architect
2024-07-30 15:49:05.700+0000 INFO  GRANT CONSTRAINT MANAGEMENT ON DATABASE * TO architect
2024-07-30 15:49:05.701+0000 INFO  GRANT INDEX MANAGEMENT ON DATABASE * TO architect
2024-07-30 15:49:05.701+0000 INFO  GRANT NAME MANAGEMENT ON DATABASE * TO architect
2024-07-30 15:49:05.701+0000 INFO  GRANT WRITE ON GRAPH * TO architect
2024-07-30 15:49:05.701+0000 INFO  GRANT MATCH {*} ON GRAPH * TO architect
2024-07-30 15:49:05.702+0000 INFO  GRANT ACCESS ON DATABASE * TO architect
2024-07-30 15:49:05.702+0000 INFO  GRANT SHOW INDEX ON DATABASE * TO architect
2024-07-30 15:49:05.702+0000 INFO  GRANT SHOW CONSTRAINTS ON DATABASE * TO architect
2024-07-30 15:49:05.702+0000 INFO  CREATE ROLE publisher
2024-07-30 15:49:05.703+0000 INFO  GRANT NAME MANAGEMENT ON DATABASE * TO publisher
2024-07-30 15:49:05.703+0000 INFO  GRANT WRITE ON GRAPH * TO publisher
2024-07-30 15:49:05.704+0000 INFO  GRANT MATCH {*} ON GRAPH * TO publisher
2024-07-30 15:49:05.704+0000 INFO  GRANT ACCESS ON DATABASE * TO publisher
2024-07-30 15:49:05.704+0000 INFO  GRANT SHOW INDEX ON DATABASE * TO publisher
2024-07-30 15:49:05.704+0000 INFO  GRANT SHOW CONSTRAINTS ON DATABASE * TO publisher
2024-07-30 15:49:05.704+0000 INFO  CREATE ROLE editor
2024-07-30 15:49:05.705+0000 INFO  GRANT WRITE ON GRAPH * TO editor
2024-07-30 15:49:05.705+0000 INFO  GRANT MATCH {*} ON GRAPH * TO editor
2024-07-30 15:49:05.706+0000 INFO  GRANT ACCESS ON DATABASE * TO editor
2024-07-30 15:49:05.706+0000 INFO  GRANT SHOW INDEX ON DATABASE * TO editor
2024-07-30 15:49:05.706+0000 INFO  GRANT SHOW CONSTRAINTS ON DATABASE * TO editor
2024-07-30 15:49:05.706+0000 INFO  CREATE ROLE reader
2024-07-30 15:49:05.708+0000 INFO  GRANT MATCH {*} ON GRAPH * TO reader
2024-07-30 15:49:05.708+0000 INFO  GRANT ACCESS ON DATABASE * TO reader
2024-07-30 15:49:05.709+0000 INFO  GRANT SHOW INDEX ON DATABASE * TO reader
2024-07-30 15:49:05.709+0000 INFO  GRANT SHOW CONSTRAINTS ON DATABASE * TO reader
2024-07-30 15:49:05.709+0000 INFO  CREATE ROLE PUBLIC
2024-07-30 15:49:05.710+0000 INFO  GRANT ACCESS ON HOME DATABASE TO PUBLIC
2024-07-30 15:49:05.710+0000 INFO  GRANT EXECUTE PROCEDURE * ON DBMS TO PUBLIC
2024-07-30 15:49:05.710+0000 INFO  GRANT EXECUTE FUNCTION * ON DBMS TO PUBLIC
2024-07-30 15:49:05.711+0000 INFO  GRANT LOAD ON ALL DATA TO PUBLIC
2024-07-30 15:49:05.712+0000 INFO  GRANT ROLE admin TO neo4j
2024-07-30 15:49:09.521+0000 INFO  {plugin-com.neo4j.plugin.jwt.auth.JwtAuthPlugin} Log in attempted for user 'neo4j'.
2024-07-30 15:49:09.522+0000 ERROR {plugin-com.neo4j.plugin.jwt.auth.JwtAuthPlugin} Invalid serialized unsecured/JWS/JWE object: Missing part delimiters
2024-07-30 15:49:09.536+0000 ERROR [neo4j]: failed to log in: invalid principal or credentials
2024-07-30 15:49:18.372+0000 INFO  {plugin-com.neo4j.plugin.jwt.auth.JwtAuthPlugin} Log in attempted for user 'neo4j'.
2024-07-30 15:49:18.373+0000 ERROR {plugin-com.neo4j.plugin.jwt.auth.JwtAuthPlugin} Invalid serialized unsecured/JWS/JWE object: Missing part delimiters
2024-07-30 15:49:18.374+0000 ERROR [neo4j]: failed to log in: invalid principal or credentials
2024-07-30 15:50:36.594+0000 INFO  {plugin-com.neo4j.plugin.jwt.auth.JwtAuthPlugin} Log in attempted for user 'neo4j'.
2024-07-30 15:50:36.594+0000 ERROR {plugin-com.neo4j.plugin.jwt.auth.JwtAuthPlugin} Invalid serialized unsecured/JWS/JWE object: Missing part delimiters
2024-07-30 15:50:36.594+0000 ERROR [neo4j]: failed to log in: invalid principal or credentials
2024-07-30 15:51:50.497+0000 INFO  {plugin-com.neo4j.plugin.jwt.auth.JwtAuthPlugin} Log in attempted for user 'neo4j'.
2024-07-30 15:51:50.497+0000 ERROR {plugin-com.neo4j.plugin.jwt.auth.JwtAuthPlugin} Invalid serialized unsecured/JWS/JWE object: Missing part delimiters
2024-07-30 15:51:50.497+0000 ERROR [neo4j]: failed to log in: invalid principal or credentials
2024-07-30 15:51:50.831+0000 INFO  {plugin-com.neo4j.plugin.jwt.auth.JwtAuthPlugin} Log in attempted for user 'neo4j'.
2024-07-30 15:51:50.831+0000 ERROR {plugin-com.neo4j.plugin.jwt.auth.JwtAuthPlugin} Invalid serialized unsecured/JWS/JWE object: Missing part delimiters
2024-07-30 15:51:50.831+0000 ERROR [neo4j]: failed to log in: too many failed attempts
2024-07-30 15:52:05.515+0000 ERROR [neo4j]: failed to log in: invalid principal or credentials
2024-07-30 15:52:05.841+0000 ERROR [neo4j]: failed to log in: too many failed attempts
2024-07-30 15:52:21.141+0000 INFO  {plugin-com.neo4j.plugin.jwt.auth.JwtAuthPlugin} Log in attempted for user 'neo4j'.
2024-07-30 15:52:21.141+0000 ERROR {plugin-com.neo4j.plugin.jwt.auth.JwtAuthPlugin} Invalid serialized unsecured/JWS/JWE object: Missing part delimiters
2024-07-30 15:52:21.142+0000 INFO  [neo4j]: logged in (password change required)
2024-07-30 15:52:23.460+0000 ERROR [neo4j]: Permission denied. The credentials you provided were valid, but must be changed before you can use this instance. If this is the first time you are using Neo4j, this is to ensure you are not using the default credentials in production. If you are not using default credentials, you are getting this message because an administrator requires a password change. To change your password, issue an `ALTER CURRENT USER SET PASSWORD FROM 'current password' TO 'new password'` statement against the system database.
2024-07-30 15:52:35.954+0000 INFO  {plugin-com.neo4j.plugin.jwt.auth.JwtAuthPlugin} Log in attempted for user 'neo4j'.
2024-07-30 15:52:35.954+0000 ERROR {plugin-com.neo4j.plugin.jwt.auth.JwtAuthPlugin} Invalid serialized unsecured/JWS/JWE object: Missing part delimiters
2024-07-30 15:52:35.955+0000 INFO  [neo4j]: logged in (password change required)
2024-07-30 15:52:35.967+0000 ERROR [neo4j]: ACCESS on database 'neo4j' is not allowed. The credentials you provided were valid, but must be changed before you can use this instance. If this is the first time you are using Neo4j, this is to ensure you are not using the default credentials in production. If you are not using default credentials, you are getting this message because an administrator requires a password change. To change your password, issue an `ALTER CURRENT USER SET PASSWORD FROM 'current password' TO 'new password'` statement against the system database.
2024-07-30 15:52:38.790+0000 INFO  [neo4j]: ALTER CURRENT USER SET PASSWORD FROM $oldPw TO $newPw
2024-07-30 15:52:41.156+0000 INFO  {plugin-com.neo4j.plugin.jwt.auth.JwtAuthPlugin} Log in attempted for user 'neo4j'.
2024-07-30 15:52:41.156+0000 ERROR {plugin-com.neo4j.plugin.jwt.auth.JwtAuthPlugin} Invalid serialized unsecured/JWS/JWE object: Missing part delimiters
2024-07-30 15:52:41.156+0000 INFO  [neo4j]: logged in
2024-07-30 15:52:44.908+0000 INFO  {plugin-com.neo4j.plugin.jwt.auth.JwtAuthPlugin} Log in attempted for user 'neo4j'.
2024-07-30 15:52:44.908+0000 ERROR {plugin-com.neo4j.plugin.jwt.auth.JwtAuthPlugin} Invalid serialized unsecured/JWS/JWE object: Missing part delimiters
2024-07-30 15:52:44.908+0000 INFO  [neo4j]: logged in
2024-07-30 15:52:44.925+0000 INFO  {plugin-com.neo4j.plugin.jwt.auth.JwtAuthPlugin} Log in attempted for user 'neo4j'.
2024-07-30 15:52:44.926+0000 ERROR {plugin-com.neo4j.plugin.jwt.auth.JwtAuthPlugin} Invalid serialized unsecured/JWS/JWE object: Missing part delimiters
2024-07-30 15:52:44.926+0000 INFO  [neo4j]: logged in
2024-07-30 15:52:44.954+0000 INFO  {plugin-com.neo4j.plugin.jwt.auth.JwtAuthPlugin} Log in attempted for user 'neo4j'.
2024-07-30 15:52:44.954+0000 ERROR {plugin-com.neo4j.plugin.jwt.auth.JwtAuthPlugin} Invalid serialized unsecured/JWS/JWE object: Missing part delimiters
2024-07-30 15:52:44.954+0000 INFO  [neo4j]: logged in
2024-07-30 15:52:45.361+0000 INFO  {plugin-com.neo4j.plugin.jwt.auth.JwtAuthPlugin} Log in attempted for user 'neo4j'.
2024-07-30 15:52:45.361+0000 ERROR {plugin-com.neo4j.plugin.jwt.auth.JwtAuthPlugin} Invalid serialized unsecured/JWS/JWE object: Missing part delimiters
2024-07-30 15:52:45.361+0000 INFO  [neo4j]: logged in
2024-07-30 15:52:45.368+0000 INFO  {plugin-com.neo4j.plugin.jwt.auth.JwtAuthPlugin} Log in attempted for user 'neo4j'.
2024-07-30 15:52:45.368+0000 INFO  {plugin-com.neo4j.plugin.jwt.auth.JwtAuthPlugin} Log in attempted for user 'neo4j'.
2024-07-30 15:52:45.368+0000 ERROR {plugin-com.neo4j.plugin.jwt.auth.JwtAuthPlugin} Invalid serialized unsecured/JWS/JWE object: Missing part delimiters
2024-07-30 15:52:45.368+0000 ERROR {plugin-com.neo4j.plugin.jwt.auth.JwtAuthPlugin} Invalid serialized unsecured/JWS/JWE object: Missing part delimiters
2024-07-30 15:52:45.369+0000 INFO  [neo4j]: logged in
2024-07-30 15:52:45.369+0000 INFO  [neo4j]: logged in
2024-07-30 15:53:23.482+0000 INFO  {plugin-com.neo4j.plugin.jwt.auth.JwtAuthPlugin} Log in attempted for user 'neo4j'.
2024-07-30 15:53:23.482+0000 ERROR {plugin-com.neo4j.plugin.jwt.auth.JwtAuthPlugin} Invalid serialized unsecured/JWS/JWE object: Missing part delimiters
2024-07-30 15:53:23.482+0000 INFO  [neo4j]: logged in
2024-07-30 15:54:06.980+0000 INFO  {plugin-com.neo4j.plugin.jwt.auth.JwtAuthPlugin} Log in attempted for user 'neo4j'.
2024-07-30 15:54:06.980+0000 ERROR {plugin-com.neo4j.plugin.jwt.auth.JwtAuthPlugin} Invalid serialized unsecured/JWS/JWE object: Missing part delimiters
2024-07-30 15:54:06.980+0000 INFO  [neo4j]: logged in
2024-07-30 15:54:07.132+0000 INFO  {plugin-com.neo4j.plugin.jwt.auth.JwtAuthPlugin} Log in attempted for user 'neo4j'.
2024-07-30 15:54:07.132+0000 ERROR {plugin-com.neo4j.plugin.jwt.auth.JwtAuthPlugin} Invalid serialized unsecured/JWS/JWE object: Missing part delimiters
2024-07-30 15:54:07.132+0000 INFO  [neo4j]: logged in
2024-07-30 15:54:08.106+0000 INFO  {plugin-com.neo4j.plugin.jwt.auth.JwtAuthPlugin} Log in attempted for user 'neo4j'.
2024-07-30 15:54:08.106+0000 ERROR {plugin-com.neo4j.plugin.jwt.auth.JwtAuthPlugin} Invalid serialized unsecured/JWS/JWE object: Missing part delimiters
2024-07-30 15:54:08.106+0000 INFO  [neo4j]: logged in
2024-07-30 15:54:08.564+0000 INFO  {plugin-com.neo4j.plugin.jwt.auth.JwtAuthPlugin} Log in attempted for user 'neo4j'.
2024-07-30 15:54:08.573+0000 INFO  [neo4j]: logged in
2024-07-30 15:54:47.923+0000 INFO  {plugin-com.neo4j.plugin.jwt.auth.JwtAuthPlugin} jwt.auth.private_key=certificates/security.key.pem
2024-07-30 15:55:02.000+0000 INFO  {plugin-com.neo4j.plugin.jwt.auth.JwtAuthPlugin} Log in attempted for user 'neo4j'.
2024-07-30 15:55:02.000+0000 ERROR {plugin-com.neo4j.plugin.jwt.auth.JwtAuthPlugin} Invalid serialized unsecured/JWS/JWE object: Missing part delimiters
2024-07-30 15:55:02.015+0000 INFO  [neo4j]: logged in
2024-07-30 15:55:02.851+0000 INFO  {plugin-com.neo4j.plugin.jwt.auth.JwtAuthPlugin} Log in attempted for user 'neo4j'.
2024-07-30 15:55:02.852+0000 ERROR {plugin-com.neo4j.plugin.jwt.auth.JwtAuthPlugin} Invalid serialized unsecured/JWS/JWE object: Missing part delimiters
2024-07-30 15:55:02.852+0000 INFO  [neo4j]: logged in
2024-07-30 15:55:03.617+0000 INFO  {plugin-com.neo4j.plugin.jwt.auth.JwtAuthPlugin} Log in attempted for user 'neo4j'.
2024-07-30 15:55:03.617+0000 ERROR {plugin-com.neo4j.plugin.jwt.auth.JwtAuthPlugin} Invalid serialized unsecured/JWS/JWE object: Missing part delimiters
2024-07-30 15:55:03.618+0000 INFO  [neo4j]: logged in
2024-07-30 15:55:07.820+0000 INFO  {plugin-com.neo4j.plugin.jwt.auth.JwtAuthPlugin} Log in attempted for user 'neo4j'.
2024-07-30 15:55:07.821+0000 ERROR {plugin-com.neo4j.plugin.jwt.auth.JwtAuthPlugin} Invalid serialized unsecured/JWS/JWE object: Missing part delimiters
2024-07-30 15:55:07.821+0000 INFO  [neo4j]: logged in
2024-07-30 15:55:07.827+0000 INFO  {plugin-com.neo4j.plugin.jwt.auth.JwtAuthPlugin} Log in attempted for user 'neo4j'.
2024-07-30 15:55:07.827+0000 ERROR {plugin-com.neo4j.plugin.jwt.auth.JwtAuthPlugin} Invalid serialized unsecured/JWS/JWE object: Missing part delimiters
2024-07-30 15:55:07.827+0000 INFO  [neo4j]: logged in
2024-07-30 15:55:07.897+0000 INFO  {plugin-com.neo4j.plugin.jwt.auth.JwtAuthPlugin} Log in attempted for user 'neo4j'.
2024-07-30 15:55:07.898+0000 ERROR {plugin-com.neo4j.plugin.jwt.auth.JwtAuthPlugin} Invalid serialized unsecured/JWS/JWE object: Missing part delimiters
2024-07-30 15:55:07.898+0000 INFO  [neo4j]: logged in
2024-07-30 15:55:07.922+0000 INFO  {plugin-com.neo4j.plugin.jwt.auth.JwtAuthPlugin} Log in attempted for user 'neo4j'.
2024-07-30 15:55:07.922+0000 ERROR {plugin-com.neo4j.plugin.jwt.auth.JwtAuthPlugin} Invalid serialized unsecured/JWS/JWE object: Missing part delimiters
2024-07-30 15:55:07.926+0000 INFO  [neo4j]: logged in
2024-07-30 15:55:07.950+0000 INFO  {plugin-com.neo4j.plugin.jwt.auth.JwtAuthPlugin} Log in attempted for user 'neo4j'.
2024-07-30 15:55:07.951+0000 ERROR {plugin-com.neo4j.plugin.jwt.auth.JwtAuthPlugin} Invalid serialized unsecured/JWS/JWE object: Missing part delimiters
2024-07-30 15:55:07.951+0000 INFO  [neo4j]: logged in
2024-07-30 15:55:10.671+0000 INFO  {plugin-com.neo4j.plugin.jwt.auth.JwtAuthPlugin} Log in attempted for user 'neo4j'.
2024-07-30 15:55:10.671+0000 ERROR {plugin-com.neo4j.plugin.jwt.auth.JwtAuthPlugin} Invalid serialized unsecured/JWS/JWE object: Missing part delimiters
2024-07-30 15:55:10.671+0000 INFO  [neo4j]: logged in
2024-07-30 15:55:10.674+0000 INFO  {plugin-com.neo4j.plugin.jwt.auth.JwtAuthPlugin} Log in attempted for user 'neo4j'.
2024-07-30 15:55:10.674+0000 ERROR {plugin-com.neo4j.plugin.jwt.auth.JwtAuthPlugin} Invalid serialized unsecured/JWS/JWE object: Missing part delimiters
2024-07-30 15:55:10.675+0000 INFO  [neo4j]: logged in
2024-07-30 15:55:11.496+0000 INFO  {plugin-com.neo4j.plugin.jwt.auth.JwtAuthPlugin} Log in attempted for user 'neo4j'.
2024-07-30 15:55:11.496+0000 ERROR {plugin-com.neo4j.plugin.jwt.auth.JwtAuthPlugin} Invalid serialized unsecured/JWS/JWE object: Missing part delimiters
2024-07-30 15:55:11.496+0000 INFO  [neo4j]: logged in
2024-07-30 15:55:11.498+0000 INFO  {plugin-com.neo4j.plugin.jwt.auth.JwtAuthPlugin} Log in attempted for user 'neo4j'.
2024-07-30 15:55:11.498+0000 ERROR {plugin-com.neo4j.plugin.jwt.auth.JwtAuthPlugin} Invalid serialized unsecured/JWS/JWE object: Missing part delimiters
2024-07-30 15:55:11.498+0000 INFO  [neo4j]: logged in
2024-07-30 15:55:11.505+0000 INFO  {plugin-com.neo4j.plugin.jwt.auth.JwtAuthPlugin} Log in attempted for user 'neo4j'.
2024-07-30 15:55:11.505+0000 ERROR {plugin-com.neo4j.plugin.jwt.auth.JwtAuthPlugin} Invalid serialized unsecured/JWS/JWE object: Missing part delimiters
2024-07-30 15:55:11.505+0000 INFO  [neo4j]: logged in
2024-07-30 15:55:11.505+0000 INFO  {plugin-com.neo4j.plugin.jwt.auth.JwtAuthPlugin} Log in attempted for user 'neo4j'.
2024-07-30 15:55:11.505+0000 ERROR {plugin-com.neo4j.plugin.jwt.auth.JwtAuthPlugin} Invalid serialized unsecured/JWS/JWE object: Missing part delimiters
2024-07-30 15:55:11.505+0000 INFO  [neo4j]: logged in
2024-07-30 15:55:32.475+0000 INFO  {plugin-com.neo4j.plugin.jwt.auth.JwtAuthPlugin} Log in attempted for user 'neo4j'.
2024-07-30 15:55:32.476+0000 ERROR {plugin-com.neo4j.plugin.jwt.auth.JwtAuthPlugin} Invalid serialized unsecured/JWS/JWE object: Missing part delimiters
2024-07-30 15:55:32.476+0000 INFO  [neo4j]: logged in
2024-07-30 15:56:11.088+0000 INFO  {plugin-com.neo4j.plugin.jwt.auth.JwtAuthPlugin} Log in attempted for user 'neo4j'.
2024-07-30 15:56:11.088+0000 ERROR {plugin-com.neo4j.plugin.jwt.auth.JwtAuthPlugin} Invalid serialized unsecured/JWS/JWE object: Missing part delimiters
2024-07-30 15:56:11.088+0000 INFO  [neo4j]: logged in
2024-07-30 15:56:19.586+0000 INFO  {plugin-com.neo4j.plugin.jwt.auth.JwtAuthPlugin} Log in attempted for user 'neo4j'.
2024-07-30 15:56:19.586+0000 ERROR {plugin-com.neo4j.plugin.jwt.auth.JwtAuthPlugin} Invalid serialized unsecured/JWS/JWE object: Missing part delimiters
2024-07-30 15:56:19.586+0000 INFO  [neo4j]: logged in
2024-07-30 15:57:29.855+0000 INFO  {plugin-com.neo4j.plugin.jwt.auth.JwtAuthPlugin} Log in attempted for user 'neo4j'.
2024-07-30 15:57:29.855+0000 ERROR {plugin-com.neo4j.plugin.jwt.auth.JwtAuthPlugin} Invalid serialized unsecured/JWS/JWE object: Missing part delimiters
2024-07-30 15:57:29.855+0000 INFO  [neo4j]: logged in
2024-07-30 16:55:12.174+0000 INFO  {plugin-com.neo4j.plugin.jwt.auth.JwtAuthPlugin} Log in attempted for user 'neo4j'.
2024-07-30 16:55:12.176+0000 ERROR {plugin-com.neo4j.plugin.jwt.auth.JwtAuthPlugin} Invalid serialized unsecured/JWS/JWE object: Missing part delimiters
2024-07-30 16:55:12.176+0000 INFO  [neo4j]: logged in
2024-07-30 16:55:30.551+0000 INFO  {plugin-com.neo4j.plugin.jwt.auth.JwtAuthPlugin} Log in attempted for user 'neo4j'.
2024-07-30 16:55:30.551+0000 ERROR {plugin-com.neo4j.plugin.jwt.auth.JwtAuthPlugin} Invalid serialized unsecured/JWS/JWE object: Missing part delimiters
2024-07-30 16:55:30.552+0000 INFO  [neo4j]: logged in
2024-07-30 16:55:30.684+0000 INFO  {plugin-com.neo4j.plugin.jwt.auth.JwtAuthPlugin} Log in attempted for user 'neo4j'.
2024-07-30 16:55:30.684+0000 ERROR {plugin-com.neo4j.plugin.jwt.auth.JwtAuthPlugin} Invalid serialized unsecured/JWS/JWE object: Missing part delimiters
2024-07-30 16:55:30.684+0000 INFO  [neo4j]: logged in
2024-07-30 16:55:30.707+0000 INFO  {plugin-com.neo4j.plugin.jwt.auth.JwtAuthPlugin} Log in attempted for user 'neo4j'.
2024-07-30 16:55:30.707+0000 ERROR {plugin-com.neo4j.plugin.jwt.auth.JwtAuthPlugin} Invalid serialized unsecured/JWS/JWE object: Missing part delimiters
2024-07-30 16:55:30.707+0000 INFO  [neo4j]: logged in
2024-07-30 16:55:30.713+0000 INFO  {plugin-com.neo4j.plugin.jwt.auth.JwtAuthPlugin} Log in attempted for user 'neo4j'.
2024-07-30 16:55:30.713+0000 ERROR {plugin-com.neo4j.plugin.jwt.auth.JwtAuthPlugin} Invalid serialized unsecured/JWS/JWE object: Missing part delimiters
2024-07-30 16:55:30.713+0000 INFO  [neo4j]: logged in
2024-07-30 16:56:48.799+0000 INFO  {plugin-com.neo4j.plugin.jwt.auth.JwtAuthPlugin} Log in attempted for user 'neo4j'.
2024-07-30 16:56:48.799+0000 ERROR {plugin-com.neo4j.plugin.jwt.auth.JwtAuthPlugin} Invalid serialized unsecured/JWS/JWE object: Missing part delimiters
2024-07-30 16:56:48.799+0000 INFO  [neo4j]: logged in
2024-07-30 16:56:48.802+0000 INFO  {plugin-com.neo4j.plugin.jwt.auth.JwtAuthPlugin} Log in attempted for user 'neo4j'.
2024-07-30 16:56:48.802+0000 INFO  {plugin-com.neo4j.plugin.jwt.auth.JwtAuthPlugin} Log in attempted for user 'neo4j'.
2024-07-30 16:56:48.802+0000 ERROR {plugin-com.neo4j.plugin.jwt.auth.JwtAuthPlugin} Invalid serialized unsecured/JWS/JWE object: Missing part delimiters
2024-07-30 16:56:48.802+0000 ERROR {plugin-com.neo4j.plugin.jwt.auth.JwtAuthPlugin} Invalid serialized unsecured/JWS/JWE object: Missing part delimiters
2024-07-30 16:56:48.802+0000 INFO  [neo4j]: logged in
2024-07-30 16:56:48.802+0000 INFO  [neo4j]: logged in
2024-07-30 16:56:48.818+0000 INFO  {plugin-com.neo4j.plugin.jwt.auth.JwtAuthPlugin} Log in attempted for user 'neo4j'.
2024-07-30 16:56:48.818+0000 ERROR {plugin-com.neo4j.plugin.jwt.auth.JwtAuthPlugin} Invalid serialized unsecured/JWS/JWE object: Missing part delimiters
2024-07-30 16:56:48.818+0000 INFO  [neo4j]: logged in
2024-07-30 16:56:48.820+0000 INFO  {plugin-com.neo4j.plugin.jwt.auth.JwtAuthPlugin} Log in attempted for user 'neo4j'.
2024-07-30 16:56:48.820+0000 ERROR {plugin-com.neo4j.plugin.jwt.auth.JwtAuthPlugin} Invalid serialized unsecured/JWS/JWE object: Missing part delimiters
2024-07-30 16:56:48.821+0000 INFO  [neo4j]: logged in
2024-07-30 16:58:22.927+0000 INFO  {plugin-com.neo4j.plugin.jwt.auth.JwtAuthPlugin} Log in attempted for user 'neo4j'.
2024-07-30 16:58:22.927+0000 ERROR {plugin-com.neo4j.plugin.jwt.auth.JwtAuthPlugin} Invalid serialized unsecured/JWS/JWE object: Missing part delimiters
2024-07-30 16:58:22.927+0000 INFO  [neo4j]: logged in
2024-07-30 17:03:56.492+0000 INFO  {plugin-com.neo4j.plugin.jwt.auth.JwtAuthPlugin} Log in attempted for user 'neo4j'.
2024-07-30 17:03:56.492+0000 ERROR {plugin-com.neo4j.plugin.jwt.auth.JwtAuthPlugin} Invalid serialized unsecured/JWS/JWE object: Missing part delimiters
2024-07-30 17:03:56.492+0000 INFO  [neo4j]: logged in
2024-07-30 17:03:59.968+0000 INFO  {plugin-com.neo4j.plugin.jwt.auth.JwtAuthPlugin} Log in attempted for user 'neo4j'.
2024-07-30 17:03:59.968+0000 ERROR {plugin-com.neo4j.plugin.jwt.auth.JwtAuthPlugin} Invalid serialized unsecured/JWS/JWE object: Missing part delimiters
2024-07-30 17:03:59.968+0000 INFO  [neo4j]: logged in
2024-07-30 17:04:08.393+0000 INFO  {plugin-com.neo4j.plugin.jwt.auth.JwtAuthPlugin} Log in attempted for user 'neo4j'.
2024-07-30 17:04:08.393+0000 ERROR {plugin-com.neo4j.plugin.jwt.auth.JwtAuthPlugin} Invalid serialized unsecured/JWS/JWE object: Missing part delimiters
2024-07-30 17:04:08.393+0000 INFO  [neo4j]: logged in
2024-07-30 17:33:59.545+0000 INFO  {plugin-com.neo4j.plugin.jwt.auth.JwtAuthPlugin} Log in attempted for user 'neo4j'.
2024-07-30 17:33:59.545+0000 ERROR {plugin-com.neo4j.plugin.jwt.auth.JwtAuthPlugin} Invalid serialized unsecured/JWS/JWE object: Missing part delimiters
2024-07-30 17:33:59.545+0000 INFO  [neo4j]: logged in
2024-07-30 17:56:54.654+0000 INFO  {plugin-com.neo4j.plugin.jwt.auth.JwtAuthPlugin} Log in attempted for user 'neo4j'.
2024-07-30 17:56:54.654+0000 ERROR {plugin-com.neo4j.plugin.jwt.auth.JwtAuthPlugin} Invalid serialized unsecured/JWS/JWE object: Missing part delimiters
2024-07-30 17:56:54.654+0000 INFO  [neo4j]: logged in
2024-07-30 17:56:54.974+0000 INFO  {plugin-com.neo4j.plugin.jwt.auth.JwtAuthPlugin} Log in attempted for user 'neo4j'.
2024-07-30 17:56:54.974+0000 ERROR {plugin-com.neo4j.plugin.jwt.auth.JwtAuthPlugin} Invalid serialized unsecured/JWS/JWE object: Missing part delimiters
2024-07-30 17:56:54.974+0000 INFO  [neo4j]: logged in
2024-07-30 17:56:55.177+0000 INFO  {plugin-com.neo4j.plugin.jwt.auth.JwtAuthPlugin} Log in attempted for user 'neo4j'.
2024-07-30 17:56:55.177+0000 ERROR {plugin-com.neo4j.plugin.jwt.auth.JwtAuthPlugin} Invalid serialized unsecured/JWS/JWE object: Missing part delimiters
2024-07-30 17:56:55.177+0000 INFO  [neo4j]: logged in
2024-07-30 17:56:55.193+0000 INFO  {plugin-com.neo4j.plugin.jwt.auth.JwtAuthPlugin} Log in attempted for user 'neo4j'.
2024-07-30 17:56:55.193+0000 ERROR {plugin-com.neo4j.plugin.jwt.auth.JwtAuthPlugin} Invalid serialized unsecured/JWS/JWE object: Missing part delimiters
2024-07-30 17:56:55.193+0000 INFO  [neo4j]: logged in
2024-07-30 17:56:55.193+0000 INFO  {plugin-com.neo4j.plugin.jwt.auth.JwtAuthPlugin} Log in attempted for user 'neo4j'.
2024-07-30 17:56:55.193+0000 ERROR {plugin-com.neo4j.plugin.jwt.auth.JwtAuthPlugin} Invalid serialized unsecured/JWS/JWE object: Missing part delimiters
2024-07-30 17:56:55.193+0000 INFO  [neo4j]: logged in
2024-07-30 18:03:19.882+0000 INFO  {plugin-com.neo4j.plugin.jwt.auth.JwtAuthPlugin} Log in attempted for user 'neo4j'.
2024-07-30 18:03:19.882+0000 ERROR {plugin-com.neo4j.plugin.jwt.auth.JwtAuthPlugin} Invalid serialized unsecured/JWS/JWE object: Missing part delimiters
2024-07-30 18:03:19.882+0000 INFO  [neo4j]: logged in
2024-07-30 18:03:19.883+0000 INFO  {plugin-com.neo4j.plugin.jwt.auth.JwtAuthPlugin} Log in attempted for user 'neo4j'.
2024-07-30 18:03:19.883+0000 ERROR {plugin-com.neo4j.plugin.jwt.auth.JwtAuthPlugin} Invalid serialized unsecured/JWS/JWE object: Missing part delimiters
2024-07-30 18:03:19.883+0000 INFO  [neo4j]: logged in
2024-07-30 18:04:32.686+0000 INFO  {plugin-com.neo4j.plugin.jwt.auth.JwtAuthPlugin} Log in attempted for user 'neo4j'.
2024-07-30 18:04:32.695+0000 ERROR {plugin-com.neo4j.plugin.jwt.auth.JwtAuthPlugin} Invalid serialized unsecured/JWS/JWE object: Missing part delimiters
2024-07-30 18:04:32.700+0000 INFO  [neo4j]: logged in
2024-07-30 18:04:55.470+0000 INFO  {plugin-com.neo4j.plugin.jwt.auth.JwtAuthPlugin} Log in attempted for user 'neo4j'.
2024-07-30 18:04:55.470+0000 ERROR {plugin-com.neo4j.plugin.jwt.auth.JwtAuthPlugin} Invalid serialized unsecured/JWS/JWE object: Missing part delimiters
2024-07-30 18:04:55.470+0000 INFO  [neo4j]: logged in
2024-07-30 18:56:57.688+0000 INFO  {plugin-com.neo4j.plugin.jwt.auth.JwtAuthPlugin} Log in attempted for user 'neo4j'.
2024-07-30 18:56:57.688+0000 INFO  {plugin-com.neo4j.plugin.jwt.auth.JwtAuthPlugin} Log in attempted for user 'neo4j'.
2024-07-30 18:56:57.688+0000 INFO  {plugin-com.neo4j.plugin.jwt.auth.JwtAuthPlugin} Log in attempted for user 'neo4j'.
2024-07-30 18:56:57.692+0000 ERROR {plugin-com.neo4j.plugin.jwt.auth.JwtAuthPlugin} Invalid serialized unsecured/JWS/JWE object: Missing part delimiters
2024-07-30 18:56:57.692+0000 ERROR {plugin-com.neo4j.plugin.jwt.auth.JwtAuthPlugin} Invalid serialized unsecured/JWS/JWE object: Missing part delimiters
2024-07-30 18:56:57.692+0000 ERROR {plugin-com.neo4j.plugin.jwt.auth.JwtAuthPlugin} Invalid serialized unsecured/JWS/JWE object: Missing part delimiters
2024-07-30 18:56:57.692+0000 INFO  [neo4j]: logged in
2024-07-30 18:56:57.692+0000 INFO  [neo4j]: logged in
2024-07-30 18:56:57.692+0000 INFO  [neo4j]: logged in
2024-07-30 19:03:37.812+0000 INFO  {plugin-com.neo4j.plugin.jwt.auth.JwtAuthPlugin} Log in attempted for user 'neo4j'.
2024-07-30 19:03:37.812+0000 ERROR {plugin-com.neo4j.plugin.jwt.auth.JwtAuthPlugin} Invalid serialized unsecured/JWS/JWE object: Missing part delimiters
2024-07-30 19:03:37.812+0000 INFO  [neo4j]: logged in
2024-07-30 19:03:37.832+0000 INFO  {plugin-com.neo4j.plugin.jwt.auth.JwtAuthPlugin} Log in attempted for user 'neo4j'.
2024-07-30 19:03:37.832+0000 ERROR {plugin-com.neo4j.plugin.jwt.auth.JwtAuthPlugin} Invalid serialized unsecured/JWS/JWE object: Missing part delimiters
2024-07-30 19:03:37.832+0000 INFO  [neo4j]: logged in
2024-07-30 19:36:11.784+0000 INFO  {plugin-com.neo4j.plugin.jwt.auth.JwtAuthPlugin} Log in attempted for user 'neo4j'.
2024-07-30 19:36:11.784+0000 INFO  {plugin-com.neo4j.plugin.jwt.auth.JwtAuthPlugin} Log in attempted for user 'neo4j'.
2024-07-30 19:36:11.784+0000 INFO  {plugin-com.neo4j.plugin.jwt.auth.JwtAuthPlugin} Log in attempted for user 'neo4j'.
2024-07-30 19:36:11.796+0000 ERROR {plugin-com.neo4j.plugin.jwt.auth.JwtAuthPlugin} Invalid serialized unsecured/JWS/JWE object: Missing part delimiters
2024-07-30 19:36:11.798+0000 ERROR {plugin-com.neo4j.plugin.jwt.auth.JwtAuthPlugin} Invalid serialized unsecured/JWS/JWE object: Missing part delimiters
2024-07-30 19:36:11.796+0000 ERROR {plugin-com.neo4j.plugin.jwt.auth.JwtAuthPlugin} Invalid serialized unsecured/JWS/JWE object: Missing part delimiters
2024-07-30 19:36:11.784+0000 INFO  {plugin-com.neo4j.plugin.jwt.auth.JwtAuthPlugin} Log in attempted for user 'neo4j'.
2024-07-30 19:36:11.784+0000 INFO  {plugin-com.neo4j.plugin.jwt.auth.JwtAuthPlugin} Log in attempted for user 'neo4j'.
2024-07-30 19:36:11.799+0000 ERROR {plugin-com.neo4j.plugin.jwt.auth.JwtAuthPlugin} Invalid serialized unsecured/JWS/JWE object: Missing part delimiters
2024-07-30 19:36:11.799+0000 ERROR {plugin-com.neo4j.plugin.jwt.auth.JwtAuthPlugin} Invalid serialized unsecured/JWS/JWE object: Missing part delimiters
2024-07-30 19:36:11.799+0000 INFO  [neo4j]: logged in
2024-07-30 19:36:11.799+0000 INFO  [neo4j]: logged in
2024-07-30 19:36:11.799+0000 INFO  [neo4j]: logged in
2024-07-30 19:36:11.799+0000 INFO  [neo4j]: logged in
2024-07-30 19:36:11.802+0000 INFO  [neo4j]: logged in
2024-07-30 20:16:27.730+0000 INFO  {plugin-com.neo4j.plugin.jwt.auth.JwtAuthPlugin} Log in attempted for user 'neo4j'.
2024-07-30 20:16:27.736+0000 ERROR {plugin-com.neo4j.plugin.jwt.auth.JwtAuthPlugin} Invalid serialized unsecured/JWS/JWE object: Missing part delimiters
2024-07-30 20:16:27.739+0000 INFO  [neo4j]: logged in
2024-07-30 20:17:05.317+0000 INFO  {plugin-com.neo4j.plugin.jwt.auth.JwtAuthPlugin} Log in attempted for user 'neo4j'.
2024-07-30 20:17:05.317+0000 ERROR {plugin-com.neo4j.plugin.jwt.auth.JwtAuthPlugin} Invalid serialized unsecured/JWS/JWE object: Missing part delimiters
2024-07-30 20:17:05.317+0000 INFO  [neo4j]: logged in
2024-07-30 20:17:23.079+0000 INFO  {plugin-com.neo4j.plugin.jwt.auth.JwtAuthPlugin} Log in attempted for user 'neo4j'.
2024-07-30 20:17:23.079+0000 ERROR {plugin-com.neo4j.plugin.jwt.auth.JwtAuthPlugin} Invalid serialized unsecured/JWS/JWE object: Missing part delimiters
2024-07-30 20:17:23.079+0000 INFO  [neo4j]: logged in
2024-07-30 20:17:23.079+0000 INFO  {plugin-com.neo4j.plugin.jwt.auth.JwtAuthPlugin} Log in attempted for user 'neo4j'.
2024-07-30 20:17:23.079+0000 ERROR {plugin-com.neo4j.plugin.jwt.auth.JwtAuthPlugin} Invalid serialized unsecured/JWS/JWE object: Missing part delimiters
2024-07-30 20:17:23.080+0000 INFO  [neo4j]: logged in
2024-07-30 20:17:23.080+0000 INFO  {plugin-com.neo4j.plugin.jwt.auth.JwtAuthPlugin} Log in attempted for user 'neo4j'.
2024-07-30 20:17:23.080+0000 ERROR {plugin-com.neo4j.plugin.jwt.auth.JwtAuthPlugin} Invalid serialized unsecured/JWS/JWE object: Missing part delimiters
2024-07-30 20:17:23.080+0000 INFO  [neo4j]: logged in
2024-07-30 20:17:23.082+0000 INFO  {plugin-com.neo4j.plugin.jwt.auth.JwtAuthPlugin} Log in attempted for user 'neo4j'.
2024-07-30 20:17:23.082+0000 ERROR {plugin-com.neo4j.plugin.jwt.auth.JwtAuthPlugin} Invalid serialized unsecured/JWS/JWE object: Missing part delimiters
2024-07-30 20:17:23.082+0000 INFO  [neo4j]: logged in
2024-07-30 20:22:50.774+0000 INFO  {plugin-com.neo4j.plugin.jwt.auth.JwtAuthPlugin} Log in attempted for user 'neo4j'.
2024-07-30 20:22:50.774+0000 ERROR {plugin-com.neo4j.plugin.jwt.auth.JwtAuthPlugin} Invalid serialized unsecured/JWS/JWE object: Missing part delimiters
2024-07-30 20:22:50.774+0000 INFO  [neo4j]: logged in
2024-07-30 20:29:07.072+0000 INFO  {plugin-com.neo4j.plugin.jwt.auth.JwtAuthPlugin} Log in attempted for user 'neo4j'.
2024-07-30 20:29:07.073+0000 ERROR {plugin-com.neo4j.plugin.jwt.auth.JwtAuthPlugin} Invalid serialized unsecured/JWS/JWE object: Missing part delimiters
2024-07-30 20:29:07.073+0000 INFO  [neo4j]: logged in
2024-07-30 20:29:51.300+0000 INFO  {plugin-com.neo4j.plugin.jwt.auth.JwtAuthPlugin} Log in attempted for user 'neo4j'.
2024-07-30 20:29:51.300+0000 ERROR {plugin-com.neo4j.plugin.jwt.auth.JwtAuthPlugin} Invalid serialized unsecured/JWS/JWE object: Missing part delimiters
2024-07-30 20:29:51.301+0000 INFO  [neo4j]: logged in
2024-07-30 20:29:52.008+0000 INFO  {plugin-com.neo4j.plugin.jwt.auth.JwtAuthPlugin} Log in attempted for user 'neo4j'.
2024-07-30 20:29:52.008+0000 ERROR {plugin-com.neo4j.plugin.jwt.auth.JwtAuthPlugin} Invalid serialized unsecured/JWS/JWE object: Missing part delimiters
2024-07-30 20:29:52.008+0000 INFO  [neo4j]: logged in
2024-07-30 20:29:52.021+0000 INFO  {plugin-com.neo4j.plugin.jwt.auth.JwtAuthPlugin} Log in attempted for user 'neo4j'.
2024-07-30 20:29:52.021+0000 ERROR {plugin-com.neo4j.plugin.jwt.auth.JwtAuthPlugin} Invalid serialized unsecured/JWS/JWE object: Missing part delimiters
2024-07-30 20:29:52.021+0000 INFO  [neo4j]: logged in
2024-07-30 20:29:52.034+0000 INFO  {plugin-com.neo4j.plugin.jwt.auth.JwtAuthPlugin} Log in attempted for user 'neo4j'.
2024-07-30 20:29:52.034+0000 ERROR {plugin-com.neo4j.plugin.jwt.auth.JwtAuthPlugin} Invalid serialized unsecured/JWS/JWE object: Missing part delimiters
2024-07-30 20:29:52.035+0000 INFO  [neo4j]: logged in
2024-07-30 20:29:52.374+0000 INFO  {plugin-com.neo4j.plugin.jwt.auth.JwtAuthPlugin} Log in attempted for user 'neo4j'.
2024-07-30 20:29:52.374+0000 ERROR {plugin-com.neo4j.plugin.jwt.auth.JwtAuthPlugin} Invalid serialized unsecured/JWS/JWE object: Missing part delimiters
2024-07-30 20:29:52.374+0000 INFO  [neo4j]: logged in
2024-07-30 20:29:52.406+0000 INFO  {plugin-com.neo4j.plugin.jwt.auth.JwtAuthPlugin} Log in attempted for user 'neo4j'.
2024-07-30 20:29:52.406+0000 ERROR {plugin-com.neo4j.plugin.jwt.auth.JwtAuthPlugin} Invalid serialized unsecured/JWS/JWE object: Missing part delimiters
2024-07-30 20:29:52.406+0000 INFO  [neo4j]: logged in
2024-07-30 20:30:02.045+0000 INFO  {plugin-com.neo4j.plugin.jwt.auth.JwtAuthPlugin} Log in attempted for user 'neo4j'.
2024-07-30 20:30:02.045+0000 ERROR {plugin-com.neo4j.plugin.jwt.auth.JwtAuthPlugin} Invalid serialized unsecured/JWS/JWE object: Missing part delimiters
2024-07-30 20:30:02.045+0000 INFO  [neo4j]: logged in
2024-07-30 21:29:56.137+0000 INFO  {plugin-com.neo4j.plugin.jwt.auth.JwtAuthPlugin} Log in attempted for user 'neo4j'.
2024-07-30 21:29:56.137+0000 ERROR {plugin-com.neo4j.plugin.jwt.auth.JwtAuthPlugin} Invalid serialized unsecured/JWS/JWE object: Missing part delimiters
2024-07-30 21:29:56.153+0000 INFO  [neo4j]: logged in
2024-07-30 21:29:56.479+0000 INFO  {plugin-com.neo4j.plugin.jwt.auth.JwtAuthPlugin} Log in attempted for user 'neo4j'.
2024-07-30 21:29:56.479+0000 ERROR {plugin-com.neo4j.plugin.jwt.auth.JwtAuthPlugin} Invalid serialized unsecured/JWS/JWE object: Missing part delimiters
2024-07-30 21:29:56.480+0000 INFO  [neo4j]: logged in
2024-07-30 21:29:56.564+0000 INFO  {plugin-com.neo4j.plugin.jwt.auth.JwtAuthPlugin} Log in attempted for user 'neo4j'.
2024-07-30 21:29:56.564+0000 ERROR {plugin-com.neo4j.plugin.jwt.auth.JwtAuthPlugin} Invalid serialized unsecured/JWS/JWE object: Missing part delimiters
2024-07-30 21:29:56.564+0000 INFO  [neo4j]: logged in
2024-07-30 21:29:56.599+0000 INFO  {plugin-com.neo4j.plugin.jwt.auth.JwtAuthPlugin} Log in attempted for user 'neo4j'.
2024-07-30 21:29:56.599+0000 ERROR {plugin-com.neo4j.plugin.jwt.auth.JwtAuthPlugin} Invalid serialized unsecured/JWS/JWE object: Missing part delimiters
2024-07-30 21:29:56.600+0000 INFO  [neo4j]: logged in
2024-07-30 21:29:56.600+0000 INFO  {plugin-com.neo4j.plugin.jwt.auth.JwtAuthPlugin} Log in attempted for user 'neo4j'.
2024-07-30 21:29:56.600+0000 ERROR {plugin-com.neo4j.plugin.jwt.auth.JwtAuthPlugin} Invalid serialized unsecured/JWS/JWE object: Missing part delimiters
2024-07-30 21:29:56.601+0000 INFO  [neo4j]: logged in
2024-07-30 21:30:02.772+0000 INFO  {plugin-com.neo4j.plugin.jwt.auth.JwtAuthPlugin} Log in attempted for user 'neo4j'.
2024-07-30 21:30:02.772+0000 ERROR {plugin-com.neo4j.plugin.jwt.auth.JwtAuthPlugin} Invalid serialized unsecured/JWS/JWE object: Missing part delimiters
2024-07-30 21:30:02.772+0000 INFO  [neo4j]: logged in
2024-07-30 21:30:03.437+0000 INFO  {plugin-com.neo4j.plugin.jwt.auth.JwtAuthPlugin} Log in attempted for user 'neo4j'.
2024-07-30 21:30:03.438+0000 ERROR {plugin-com.neo4j.plugin.jwt.auth.JwtAuthPlugin} Invalid serialized unsecured/JWS/JWE object: Missing part delimiters
2024-07-30 21:30:03.438+0000 INFO  [neo4j]: logged in
2024-07-30 21:30:03.531+0000 INFO  {plugin-com.neo4j.plugin.jwt.auth.JwtAuthPlugin} Log in attempted for user 'neo4j'.
2024-07-30 21:30:03.531+0000 ERROR {plugin-com.neo4j.plugin.jwt.auth.JwtAuthPlugin} Invalid serialized unsecured/JWS/JWE object: Missing part delimiters
2024-07-30 21:30:03.531+0000 INFO  [neo4j]: logged in
2024-07-30 21:30:55.838+0000 INFO  {plugin-com.neo4j.plugin.jwt.auth.JwtAuthPlugin} Log in attempted for user 'neo4j'.
2024-07-30 21:30:55.839+0000 ERROR {plugin-com.neo4j.plugin.jwt.auth.JwtAuthPlugin} Invalid serialized unsecured/JWS/JWE object: Missing part delimiters
2024-07-30 21:30:55.839+0000 INFO  [neo4j]: logged in
2024-07-30 21:30:55.842+0000 INFO  {plugin-com.neo4j.plugin.jwt.auth.JwtAuthPlugin} Log in attempted for user 'neo4j'.
2024-07-30 21:30:55.842+0000 ERROR {plugin-com.neo4j.plugin.jwt.auth.JwtAuthPlugin} Invalid serialized unsecured/JWS/JWE object: Missing part delimiters
2024-07-30 21:30:55.843+0000 INFO  [neo4j]: logged in
2024-07-30 22:30:07.444+0000 INFO  {plugin-com.neo4j.plugin.jwt.auth.JwtAuthPlugin} Log in attempted for user 'neo4j'.
2024-07-30 22:30:07.444+0000 INFO  {plugin-com.neo4j.plugin.jwt.auth.JwtAuthPlugin} Log in attempted for user 'neo4j'.
2024-07-30 22:30:07.444+0000 INFO  {plugin-com.neo4j.plugin.jwt.auth.JwtAuthPlugin} Log in attempted for user 'neo4j'.
2024-07-30 22:30:07.449+0000 ERROR {plugin-com.neo4j.plugin.jwt.auth.JwtAuthPlugin} Invalid serialized unsecured/JWS/JWE object: Missing part delimiters
2024-07-30 22:30:07.449+0000 ERROR {plugin-com.neo4j.plugin.jwt.auth.JwtAuthPlugin} Invalid serialized unsecured/JWS/JWE object: Missing part delimiters
2024-07-30 22:30:07.449+0000 ERROR {plugin-com.neo4j.plugin.jwt.auth.JwtAuthPlugin} Invalid serialized unsecured/JWS/JWE object: Missing part delimiters
2024-07-30 22:30:07.455+0000 INFO  [neo4j]: logged in
2024-07-30 22:30:07.455+0000 INFO  [neo4j]: logged in
2024-07-30 22:30:07.455+0000 INFO  [neo4j]: logged in
2024-07-30 22:31:07.196+0000 INFO  {plugin-com.neo4j.plugin.jwt.auth.JwtAuthPlugin} Log in attempted for user 'neo4j'.
2024-07-30 22:31:07.196+0000 ERROR {plugin-com.neo4j.plugin.jwt.auth.JwtAuthPlugin} Invalid serialized unsecured/JWS/JWE object: Missing part delimiters
2024-07-30 22:31:07.196+0000 INFO  [neo4j]: logged in
2024-07-30 22:31:07.205+0000 INFO  {plugin-com.neo4j.plugin.jwt.auth.JwtAuthPlugin} Log in attempted for user 'neo4j'.
2024-07-30 22:31:07.205+0000 ERROR {plugin-com.neo4j.plugin.jwt.auth.JwtAuthPlugin} Invalid serialized unsecured/JWS/JWE object: Missing part delimiters
2024-07-30 22:31:07.205+0000 INFO  [neo4j]: logged in
2024-07-31 10:30:30.537+0000 INFO  {plugin-com.neo4j.plugin.jwt.auth.JwtAuthPlugin} Log in attempted for user 'neo4j'.
2024-07-31 10:30:30.553+0000 ERROR {plugin-com.neo4j.plugin.jwt.auth.JwtAuthPlugin} Invalid serialized unsecured/JWS/JWE object: Missing part delimiters
2024-07-31 10:30:30.555+0000 INFO  [neo4j]: logged in
2024-07-31 10:32:07.083+0000 INFO  {plugin-com.neo4j.plugin.jwt.auth.JwtAuthPlugin} Log in attempted for user 'neo4j'.
2024-07-31 10:32:07.083+0000 ERROR {plugin-com.neo4j.plugin.jwt.auth.JwtAuthPlugin} Invalid serialized unsecured/JWS/JWE object: Missing part delimiters
2024-07-31 10:32:07.083+0000 INFO  [neo4j]: logged in
2024-07-31 10:49:04.930+0000 INFO  {plugin-com.neo4j.plugin.jwt.auth.JwtAuthPlugin} Log in attempted for user 'neo4j'.
2024-07-31 10:49:04.930+0000 ERROR {plugin-com.neo4j.plugin.jwt.auth.JwtAuthPlugin} Invalid serialized unsecured/JWS/JWE object: Missing part delimiters
2024-07-31 10:49:04.931+0000 INFO  [neo4j]: logged in
2024-07-31 10:49:05.340+0000 INFO  {plugin-com.neo4j.plugin.jwt.auth.JwtAuthPlugin} Log in attempted for user 'neo4j'.
2024-07-31 10:49:05.340+0000 ERROR {plugin-com.neo4j.plugin.jwt.auth.JwtAuthPlugin} Invalid serialized unsecured/JWS/JWE object: Missing part delimiters
2024-07-31 10:49:05.341+0000 INFO  [neo4j]: logged in
2024-07-31 14:16:33.813+0000 INFO  {plugin-com.neo4j.plugin.jwt.auth.JwtAuthPlugin} Log in attempted for user 'neo4j'.
2024-07-31 14:16:33.829+0000 ERROR {plugin-com.neo4j.plugin.jwt.auth.JwtAuthPlugin} Invalid serialized unsecured/JWS/JWE object: Missing part delimiters
2024-07-31 14:16:33.830+0000 INFO  [neo4j]: logged in
2024-07-31 15:01:40.077+0000 INFO  {plugin-com.neo4j.plugin.jwt.auth.JwtAuthPlugin} Log in attempted for user 'neo4j'.
2024-07-31 15:01:40.078+0000 ERROR {plugin-com.neo4j.plugin.jwt.auth.JwtAuthPlugin} Invalid serialized unsecured/JWS/JWE object: Missing part delimiters
2024-07-31 15:01:40.078+0000 INFO  [neo4j]: logged in
2024-07-31 15:48:12.444+0000 INFO  {plugin-com.neo4j.plugin.jwt.auth.JwtAuthPlugin} Log in attempted for user 'neo4j'.
2024-07-31 15:48:12.444+0000 ERROR {plugin-com.neo4j.plugin.jwt.auth.JwtAuthPlugin} Invalid serialized unsecured/JWS/JWE object: Missing part delimiters
2024-07-31 15:48:12.444+0000 INFO  [neo4j]: logged in
2024-07-31 19:39:31.397+0000 INFO  {plugin-com.neo4j.plugin.jwt.auth.JwtAuthPlugin} jwt.auth.private_key=certificates/security.key.pem
2024-07-31 19:39:43.281+0000 INFO  {plugin-com.neo4j.plugin.jwt.auth.JwtAuthPlugin} Log in attempted for user 'neo4j'.
2024-07-31 19:39:43.282+0000 ERROR {plugin-com.neo4j.plugin.jwt.auth.JwtAuthPlugin} Invalid serialized unsecured/JWS/JWE object: Missing part delimiters
2024-07-31 19:39:43.292+0000 INFO  [neo4j]: logged in
2024-07-31 19:39:46.721+0000 INFO  {plugin-com.neo4j.plugin.jwt.auth.JwtAuthPlugin} Log in attempted for user 'neo4j'.
2024-07-31 19:39:46.722+0000 ERROR {plugin-com.neo4j.plugin.jwt.auth.JwtAuthPlugin} Invalid serialized unsecured/JWS/JWE object: Missing part delimiters
2024-07-31 19:39:46.722+0000 INFO  [neo4j]: logged in
2024-07-31 19:39:50.868+0000 INFO  {plugin-com.neo4j.plugin.jwt.auth.JwtAuthPlugin} Log in attempted for user 'neo4j'.
2024-07-31 19:39:50.868+0000 ERROR {plugin-com.neo4j.plugin.jwt.auth.JwtAuthPlugin} Invalid serialized unsecured/JWS/JWE object: Missing part delimiters
2024-07-31 19:39:50.868+0000 INFO  [neo4j]: logged in
2024-07-31 20:47:08.760+0000 INFO  {plugin-com.neo4j.plugin.jwt.auth.JwtAuthPlugin} Log in attempted for user 'neo4j'.
2024-07-31 20:47:08.761+0000 ERROR {plugin-com.neo4j.plugin.jwt.auth.JwtAuthPlugin} Invalid serialized unsecured/JWS/JWE object: Missing part delimiters
2024-07-31 20:47:08.762+0000 INFO  [neo4j]: logged in
2024-07-31 20:47:09.725+0000 INFO  {plugin-com.neo4j.plugin.jwt.auth.JwtAuthPlugin} Log in attempted for user 'neo4j'.
2024-07-31 20:47:09.725+0000 ERROR {plugin-com.neo4j.plugin.jwt.auth.JwtAuthPlugin} Invalid serialized unsecured/JWS/JWE object: Missing part delimiters
2024-07-31 20:47:09.726+0000 INFO  [neo4j]: logged in
2024-07-31 20:47:09.742+0000 INFO  {plugin-com.neo4j.plugin.jwt.auth.JwtAuthPlugin} Log in attempted for user 'neo4j'.
2024-07-31 20:47:09.742+0000 ERROR {plugin-com.neo4j.plugin.jwt.auth.JwtAuthPlugin} Invalid serialized unsecured/JWS/JWE object: Missing part delimiters
2024-07-31 20:47:09.742+0000 INFO  [neo4j]: logged in
2024-07-31 20:47:09.765+0000 INFO  {plugin-com.neo4j.plugin.jwt.auth.JwtAuthPlugin} Log in attempted for user 'neo4j'.
2024-07-31 20:47:09.766+0000 ERROR {plugin-com.neo4j.plugin.jwt.auth.JwtAuthPlugin} Invalid serialized unsecured/JWS/JWE object: Missing part delimiters
2024-07-31 20:47:09.766+0000 INFO  [neo4j]: logged in
2024-07-31 20:47:10.414+0000 INFO  {plugin-com.neo4j.plugin.jwt.auth.JwtAuthPlugin} Log in attempted for user 'neo4j'.
2024-07-31 20:47:10.414+0000 ERROR {plugin-com.neo4j.plugin.jwt.auth.JwtAuthPlugin} Invalid serialized unsecured/JWS/JWE object: Missing part delimiters
2024-07-31 20:47:10.414+0000 INFO  [neo4j]: logged in
2024-07-31 20:47:10.568+0000 INFO  {plugin-com.neo4j.plugin.jwt.auth.JwtAuthPlugin} Log in attempted for user 'neo4j'.
2024-07-31 20:47:10.568+0000 ERROR {plugin-com.neo4j.plugin.jwt.auth.JwtAuthPlugin} Invalid serialized unsecured/JWS/JWE object: Missing part delimiters
2024-07-31 20:47:10.568+0000 INFO  [neo4j]: logged in
2024-07-31 20:47:10.583+0000 INFO  {plugin-com.neo4j.plugin.jwt.auth.JwtAuthPlugin} Log in attempted for user 'neo4j'.
2024-07-31 20:47:10.583+0000 ERROR {plugin-com.neo4j.plugin.jwt.auth.JwtAuthPlugin} Invalid serialized unsecured/JWS/JWE object: Missing part delimiters
2024-07-31 20:47:10.583+0000 INFO  [neo4j]: logged in
2024-07-31 20:47:30.054+0000 INFO  {plugin-com.neo4j.plugin.jwt.auth.JwtAuthPlugin} Log in attempted for user 'neo4j'.
2024-07-31 20:47:30.054+0000 ERROR {plugin-com.neo4j.plugin.jwt.auth.JwtAuthPlugin} Invalid serialized unsecured/JWS/JWE object: Missing part delimiters
2024-07-31 20:47:30.055+0000 INFO  [neo4j]: logged in
2024-07-31 21:07:34.083+0000 INFO  {plugin-com.neo4j.plugin.jwt.auth.JwtAuthPlugin} Log in attempted for user 'neo4j'.
2024-07-31 21:07:34.085+0000 ERROR {plugin-com.neo4j.plugin.jwt.auth.JwtAuthPlugin} Invalid serialized unsecured/JWS/JWE object: Missing part delimiters
2024-07-31 21:07:34.087+0000 INFO  [neo4j]: logged in
2024-07-31 21:16:25.104+0000 INFO  {plugin-com.neo4j.plugin.jwt.auth.JwtAuthPlugin} Log in attempted for user 'neo4j'.
2024-07-31 21:16:25.104+0000 ERROR {plugin-com.neo4j.plugin.jwt.auth.JwtAuthPlugin} Invalid serialized unsecured/JWS/JWE object: Missing part delimiters
2024-07-31 21:16:25.104+0000 INFO  [neo4j]: logged in
2024-07-31 21:16:25.190+0000 INFO  {plugin-com.neo4j.plugin.jwt.auth.JwtAuthPlugin} Log in attempted for user 'neo4j'.
2024-07-31 21:16:25.190+0000 ERROR {plugin-com.neo4j.plugin.jwt.auth.JwtAuthPlugin} Invalid serialized unsecured/JWS/JWE object: Missing part delimiters
2024-07-31 21:16:25.190+0000 INFO  [neo4j]: logged in
2024-07-31 21:16:25.509+0000 INFO  {plugin-com.neo4j.plugin.jwt.auth.JwtAuthPlugin} Log in attempted for user 'neo4j'.
2024-07-31 21:16:25.509+0000 ERROR {plugin-com.neo4j.plugin.jwt.auth.JwtAuthPlugin} Invalid serialized unsecured/JWS/JWE object: Missing part delimiters
2024-07-31 21:16:25.509+0000 INFO  [neo4j]: logged in
2024-07-31 21:16:26.073+0000 INFO  {plugin-com.neo4j.plugin.jwt.auth.JwtAuthPlugin} Log in attempted for user 'neo4j'.
2024-07-31 21:16:26.111+0000 INFO  [neo4j]: logged in
2024-07-31 21:44:48.424+0000 INFO  {plugin-com.neo4j.plugin.jwt.auth.JwtAuthPlugin} jwt.auth.private_key=certificates/security.key.pem
2024-07-31 21:46:23.903+0000 INFO  {plugin-com.neo4j.plugin.jwt.auth.JwtAuthPlugin} jwt.auth.private_key=certificates/security.key.pem
2024-07-31 21:48:00.932+0000 INFO  {plugin-com.neo4j.plugin.jwt.auth.JwtAuthPlugin} jwt.auth.private_key=certificates/security.key.pem
2024-07-31 21:52:13.064+0000 INFO  {plugin-com.neo4j.plugin.jwt.auth.JwtAuthPlugin} jwt.auth.private_key=certificates/security.key.pem
2024-07-31 21:53:54.380+0000 INFO  {plugin-com.neo4j.plugin.jwt.auth.JwtAuthPlugin} jwt.auth.private_key=certificates/security.key.pem
2024-07-31 21:54:57.710+0000 INFO  {plugin-com.neo4j.plugin.jwt.auth.JwtAuthPlugin} jwt.auth.private_key=certificates/security.key.pem
2024-07-31 21:57:01.698+0000 INFO  {plugin-com.neo4j.plugin.jwt.auth.JwtAuthPlugin} jwt.auth.private_key=certificates/security.key.pem
2024-07-31 21:57:15.712+0000 INFO  {plugin-com.neo4j.plugin.jwt.auth.JwtAuthPlugin} Log in attempted for user 'neo4j'.
2024-07-31 21:57:15.712+0000 ERROR {plugin-com.neo4j.plugin.jwt.auth.JwtAuthPlugin} Invalid serialized unsecured/JWS/JWE object: Missing part delimiters
2024-07-31 21:57:15.728+0000 INFO  [neo4j]: logged in
2024-07-31 21:57:19.249+0000 INFO  {plugin-com.neo4j.plugin.jwt.auth.JwtAuthPlugin} Log in attempted for user 'neo4j'.
2024-07-31 21:57:19.249+0000 ERROR {plugin-com.neo4j.plugin.jwt.auth.JwtAuthPlugin} Invalid serialized unsecured/JWS/JWE object: Missing part delimiters
2024-07-31 21:57:19.249+0000 INFO  [neo4j]: logged in
2024-07-31 21:57:25.057+0000 INFO  {plugin-com.neo4j.plugin.jwt.auth.JwtAuthPlugin} Log in attempted for user 'neo4j'.
2024-07-31 21:57:25.057+0000 ERROR {plugin-com.neo4j.plugin.jwt.auth.JwtAuthPlugin} Invalid serialized unsecured/JWS/JWE object: Missing part delimiters
2024-07-31 21:57:25.057+0000 INFO  [neo4j]: logged in
2024-07-31 21:57:33.646+0000 INFO  {plugin-com.neo4j.plugin.jwt.auth.JwtAuthPlugin} Log in attempted for user 'neo4j'.
2024-07-31 21:57:33.646+0000 ERROR {plugin-com.neo4j.plugin.jwt.auth.JwtAuthPlugin} Invalid serialized unsecured/JWS/JWE object: Missing part delimiters
2024-07-31 21:57:33.646+0000 INFO  [neo4j]: logged in
2024-07-31 21:57:34.545+0000 INFO  {plugin-com.neo4j.plugin.jwt.auth.JwtAuthPlugin} Log in attempted for user 'neo4j'.
2024-07-31 21:57:34.546+0000 ERROR {plugin-com.neo4j.plugin.jwt.auth.JwtAuthPlugin} Invalid serialized unsecured/JWS/JWE object: Missing part delimiters
2024-07-31 21:57:34.546+0000 INFO  [neo4j]: logged in
2024-07-31 21:57:34.562+0000 INFO  {plugin-com.neo4j.plugin.jwt.auth.JwtAuthPlugin} Log in attempted for user 'neo4j'.
2024-07-31 21:57:34.563+0000 ERROR {plugin-com.neo4j.plugin.jwt.auth.JwtAuthPlugin} Invalid serialized unsecured/JWS/JWE object: Missing part delimiters
2024-07-31 21:57:34.563+0000 INFO  [neo4j]: logged in
2024-07-31 21:57:34.615+0000 INFO  {plugin-com.neo4j.plugin.jwt.auth.JwtAuthPlugin} Log in attempted for user 'neo4j'.
2024-07-31 21:57:34.616+0000 ERROR {plugin-com.neo4j.plugin.jwt.auth.JwtAuthPlugin} Invalid serialized unsecured/JWS/JWE object: Missing part delimiters
2024-07-31 21:57:34.616+0000 INFO  [neo4j]: logged in
2024-07-31 21:57:35.149+0000 INFO  {plugin-com.neo4j.plugin.jwt.auth.JwtAuthPlugin} Log in attempted for user 'neo4j'.
2024-07-31 21:57:35.149+0000 ERROR {plugin-com.neo4j.plugin.jwt.auth.JwtAuthPlugin} Invalid serialized unsecured/JWS/JWE object: Missing part delimiters
2024-07-31 21:57:35.150+0000 INFO  [neo4j]: logged in
2024-07-31 21:57:35.156+0000 INFO  {plugin-com.neo4j.plugin.jwt.auth.JwtAuthPlugin} Log in attempted for user 'neo4j'.
2024-07-31 21:57:35.156+0000 ERROR {plugin-com.neo4j.plugin.jwt.auth.JwtAuthPlugin} Invalid serialized unsecured/JWS/JWE object: Missing part delimiters
2024-07-31 21:57:35.156+0000 INFO  [neo4j]: logged in
2024-07-31 21:57:35.159+0000 INFO  {plugin-com.neo4j.plugin.jwt.auth.JwtAuthPlugin} Log in attempted for user 'neo4j'.
2024-07-31 21:57:35.160+0000 ERROR {plugin-com.neo4j.plugin.jwt.auth.JwtAuthPlugin} Invalid serialized unsecured/JWS/JWE object: Missing part delimiters
2024-07-31 21:57:35.160+0000 INFO  [neo4j]: logged in
2024-07-31 22:25:51.482+0000 INFO  {plugin-com.neo4j.plugin.jwt.auth.JwtAuthPlugin} Log in attempted for user 'neo4j'.
2024-07-31 22:25:51.483+0000 ERROR {plugin-com.neo4j.plugin.jwt.auth.JwtAuthPlugin} Invalid serialized unsecured/JWS/JWE object: Missing part delimiters
2024-07-31 22:25:51.483+0000 INFO  [neo4j]: logged in
2024-07-31 22:25:51.538+0000 INFO  {plugin-com.neo4j.plugin.jwt.auth.JwtAuthPlugin} Log in attempted for user 'neo4j'.
2024-07-31 22:25:51.538+0000 ERROR {plugin-com.neo4j.plugin.jwt.auth.JwtAuthPlugin} Invalid serialized unsecured/JWS/JWE object: Missing part delimiters
2024-07-31 22:25:51.539+0000 INFO  [neo4j]: logged in
2024-07-31 22:25:51.752+0000 INFO  {plugin-com.neo4j.plugin.jwt.auth.JwtAuthPlugin} Log in attempted for user 'neo4j'.
2024-07-31 22:25:51.752+0000 ERROR {plugin-com.neo4j.plugin.jwt.auth.JwtAuthPlugin} Invalid serialized unsecured/JWS/JWE object: Missing part delimiters
2024-07-31 22:25:51.752+0000 INFO  [neo4j]: logged in
2024-07-31 22:25:52.034+0000 INFO  {plugin-com.neo4j.plugin.jwt.auth.JwtAuthPlugin} Log in attempted for user 'neo4j'.
2024-07-31 22:25:52.051+0000 INFO  [neo4j]: logged in
2024-08-01 09:32:03.615+0000 INFO  {plugin-com.neo4j.plugin.jwt.auth.JwtAuthPlugin} jwt.auth.private_key=certificates/security.key.pem
2024-08-01 09:32:19.457+0000 INFO  {plugin-com.neo4j.plugin.jwt.auth.JwtAuthPlugin} Log in attempted for user 'neo4j'.
2024-08-01 09:32:19.458+0000 ERROR {plugin-com.neo4j.plugin.jwt.auth.JwtAuthPlugin} Invalid serialized unsecured/JWS/JWE object: Missing part delimiters
2024-08-01 09:32:19.469+0000 INFO  [neo4j]: logged in
2024-08-01 09:32:27.615+0000 INFO  {plugin-com.neo4j.plugin.jwt.auth.JwtAuthPlugin} Log in attempted for user 'neo4j'.
2024-08-01 09:32:27.616+0000 ERROR {plugin-com.neo4j.plugin.jwt.auth.JwtAuthPlugin} Invalid serialized unsecured/JWS/JWE object: Missing part delimiters
2024-08-01 09:32:27.617+0000 INFO  [neo4j]: logged in
2024-08-01 09:32:35.389+0000 INFO  {plugin-com.neo4j.plugin.jwt.auth.JwtAuthPlugin} Log in attempted for user 'neo4j'.
2024-08-01 09:32:35.390+0000 ERROR {plugin-com.neo4j.plugin.jwt.auth.JwtAuthPlugin} Invalid serialized unsecured/JWS/JWE object: Missing part delimiters
2024-08-01 09:32:35.390+0000 INFO  [neo4j]: logged in
2024-08-01 09:32:35.541+0000 INFO  {plugin-com.neo4j.plugin.jwt.auth.JwtAuthPlugin} Log in attempted for user 'neo4j'.
2024-08-01 09:32:35.541+0000 ERROR {plugin-com.neo4j.plugin.jwt.auth.JwtAuthPlugin} Invalid serialized unsecured/JWS/JWE object: Missing part delimiters
2024-08-01 09:32:35.541+0000 INFO  [neo4j]: logged in
2024-08-01 09:32:36.594+0000 INFO  {plugin-com.neo4j.plugin.jwt.auth.JwtAuthPlugin} Log in attempted for user 'neo4j'.
2024-08-01 09:32:36.595+0000 ERROR {plugin-com.neo4j.plugin.jwt.auth.JwtAuthPlugin} Invalid serialized unsecured/JWS/JWE object: Missing part delimiters
2024-08-01 09:32:36.596+0000 INFO  [neo4j]: logged in
2024-08-01 09:32:36.624+0000 INFO  {plugin-com.neo4j.plugin.jwt.auth.JwtAuthPlugin} Log in attempted for user 'neo4j'.
2024-08-01 09:32:36.624+0000 ERROR {plugin-com.neo4j.plugin.jwt.auth.JwtAuthPlugin} Invalid serialized unsecured/JWS/JWE object: Missing part delimiters
2024-08-01 09:32:36.625+0000 INFO  [neo4j]: logged in
2024-08-01 09:32:36.650+0000 INFO  {plugin-com.neo4j.plugin.jwt.auth.JwtAuthPlugin} Log in attempted for user 'neo4j'.
2024-08-01 09:32:36.650+0000 ERROR {plugin-com.neo4j.plugin.jwt.auth.JwtAuthPlugin} Invalid serialized unsecured/JWS/JWE object: Missing part delimiters
2024-08-01 09:32:36.650+0000 INFO  [neo4j]: logged in
2024-08-01 09:32:37.094+0000 INFO  {plugin-com.neo4j.plugin.jwt.auth.JwtAuthPlugin} Log in attempted for user 'neo4j'.
2024-08-01 09:32:37.094+0000 ERROR {plugin-com.neo4j.plugin.jwt.auth.JwtAuthPlugin} Invalid serialized unsecured/JWS/JWE object: Missing part delimiters
2024-08-01 09:32:37.094+0000 INFO  [neo4j]: logged in
2024-08-01 09:32:37.246+0000 INFO  {plugin-com.neo4j.plugin.jwt.auth.JwtAuthPlugin} Log in attempted for user 'neo4j'.
2024-08-01 09:32:37.246+0000 ERROR {plugin-com.neo4j.plugin.jwt.auth.JwtAuthPlugin} Invalid serialized unsecured/JWS/JWE object: Missing part delimiters
2024-08-01 09:32:37.246+0000 INFO  [neo4j]: logged in
2024-08-01 09:32:37.274+0000 INFO  {plugin-com.neo4j.plugin.jwt.auth.JwtAuthPlugin} Log in attempted for user 'neo4j'.
2024-08-01 09:32:37.274+0000 ERROR {plugin-com.neo4j.plugin.jwt.auth.JwtAuthPlugin} Invalid serialized unsecured/JWS/JWE object: Missing part delimiters
2024-08-01 09:32:37.274+0000 INFO  [neo4j]: logged in
2024-08-01 09:33:23.633+0000 INFO  {plugin-com.neo4j.plugin.jwt.auth.JwtAuthPlugin} Log in attempted for user 'neo4j'.
2024-08-01 09:33:23.644+0000 ERROR {plugin-com.neo4j.plugin.jwt.auth.JwtAuthPlugin} Invalid serialized unsecured/JWS/JWE object: Missing part delimiters
2024-08-01 09:33:23.649+0000 INFO  [neo4j]: logged in
2024-08-01 09:48:28.510+0000 INFO  {plugin-com.neo4j.plugin.jwt.auth.JwtAuthPlugin} Log in attempted for user 'neo4j'.
2024-08-01 09:48:28.511+0000 ERROR {plugin-com.neo4j.plugin.jwt.auth.JwtAuthPlugin} Invalid serialized unsecured/JWS/JWE object: Missing part delimiters
2024-08-01 09:48:28.512+0000 INFO  [neo4j]: logged in
2024-08-01 10:32:38.488+0000 INFO  {plugin-com.neo4j.plugin.jwt.auth.JwtAuthPlugin} Log in attempted for user 'neo4j'.
2024-08-01 10:32:38.488+0000 ERROR {plugin-com.neo4j.plugin.jwt.auth.JwtAuthPlugin} Invalid serialized unsecured/JWS/JWE object: Missing part delimiters
2024-08-01 10:32:38.488+0000 INFO  [neo4j]: logged in
2024-08-01 10:32:38.819+0000 INFO  {plugin-com.neo4j.plugin.jwt.auth.JwtAuthPlugin} Log in attempted for user 'neo4j'.
2024-08-01 10:32:38.819+0000 ERROR {plugin-com.neo4j.plugin.jwt.auth.JwtAuthPlugin} Invalid serialized unsecured/JWS/JWE object: Missing part delimiters
2024-08-01 10:32:38.819+0000 INFO  [neo4j]: logged in
2024-08-01 10:32:38.865+0000 INFO  {plugin-com.neo4j.plugin.jwt.auth.JwtAuthPlugin} Log in attempted for user 'neo4j'.
2024-08-01 10:32:38.865+0000 ERROR {plugin-com.neo4j.plugin.jwt.auth.JwtAuthPlugin} Invalid serialized unsecured/JWS/JWE object: Missing part delimiters
2024-08-01 10:32:38.865+0000 INFO  [neo4j]: logged in
2024-08-01 10:32:38.995+0000 INFO  {plugin-com.neo4j.plugin.jwt.auth.JwtAuthPlugin} Log in attempted for user 'neo4j'.
2024-08-01 10:32:38.995+0000 ERROR {plugin-com.neo4j.plugin.jwt.auth.JwtAuthPlugin} Invalid serialized unsecured/JWS/JWE object: Missing part delimiters
2024-08-01 10:32:38.995+0000 INFO  [neo4j]: logged in
2024-08-01 10:32:39.008+0000 INFO  {plugin-com.neo4j.plugin.jwt.auth.JwtAuthPlugin} Log in attempted for user 'neo4j'.
2024-08-01 10:32:39.008+0000 ERROR {plugin-com.neo4j.plugin.jwt.auth.JwtAuthPlugin} Invalid serialized unsecured/JWS/JWE object: Missing part delimiters
2024-08-01 10:32:39.008+0000 INFO  [neo4j]: logged in
2024-08-01 10:55:26.627+0000 INFO  {plugin-com.neo4j.plugin.jwt.auth.JwtAuthPlugin} Log in attempted for user 'neo4j'.
2024-08-01 10:55:26.631+0000 ERROR {plugin-com.neo4j.plugin.jwt.auth.JwtAuthPlugin} Invalid serialized unsecured/JWS/JWE object: Missing part delimiters
2024-08-01 10:55:26.632+0000 INFO  [neo4j]: logged in
2024-08-01 11:02:37.358+0000 INFO  {plugin-com.neo4j.plugin.jwt.auth.JwtAuthPlugin} Log in attempted for user 'neo4j'.
2024-08-01 11:02:37.365+0000 ERROR {plugin-com.neo4j.plugin.jwt.auth.JwtAuthPlugin} Invalid serialized unsecured/JWS/JWE object: Missing part delimiters
2024-08-01 11:02:37.369+0000 INFO  [neo4j]: logged in
2024-08-01 11:02:38.174+0000 INFO  {plugin-com.neo4j.plugin.jwt.auth.JwtAuthPlugin} Log in attempted for user 'neo4j'.
2024-08-01 11:02:38.174+0000 ERROR {plugin-com.neo4j.plugin.jwt.auth.JwtAuthPlugin} Invalid serialized unsecured/JWS/JWE object: Missing part delimiters
2024-08-01 11:02:38.174+0000 INFO  [neo4j]: logged in
2024-08-01 11:32:41.283+0000 INFO  {plugin-com.neo4j.plugin.jwt.auth.JwtAuthPlugin} Log in attempted for user 'neo4j'.
2024-08-01 11:32:41.284+0000 ERROR {plugin-com.neo4j.plugin.jwt.auth.JwtAuthPlugin} Invalid serialized unsecured/JWS/JWE object: Missing part delimiters
2024-08-01 11:32:41.284+0000 INFO  [neo4j]: logged in
2024-08-01 11:32:41.604+0000 INFO  {plugin-com.neo4j.plugin.jwt.auth.JwtAuthPlugin} Log in attempted for user 'neo4j'.
2024-08-01 11:32:41.604+0000 ERROR {plugin-com.neo4j.plugin.jwt.auth.JwtAuthPlugin} Invalid serialized unsecured/JWS/JWE object: Missing part delimiters
2024-08-01 11:32:41.604+0000 INFO  [neo4j]: logged in
2024-08-01 11:32:41.627+0000 INFO  {plugin-com.neo4j.plugin.jwt.auth.JwtAuthPlugin} Log in attempted for user 'neo4j'.
2024-08-01 11:32:41.627+0000 ERROR {plugin-com.neo4j.plugin.jwt.auth.JwtAuthPlugin} Invalid serialized unsecured/JWS/JWE object: Missing part delimiters
2024-08-01 11:32:41.628+0000 INFO  [neo4j]: logged in
2024-08-01 11:32:41.685+0000 INFO  {plugin-com.neo4j.plugin.jwt.auth.JwtAuthPlugin} Log in attempted for user 'neo4j'.
2024-08-01 11:32:41.685+0000 ERROR {plugin-com.neo4j.plugin.jwt.auth.JwtAuthPlugin} Invalid serialized unsecured/JWS/JWE object: Missing part delimiters
2024-08-01 11:32:41.685+0000 INFO  [neo4j]: logged in
2024-08-01 11:32:41.685+0000 INFO  {plugin-com.neo4j.plugin.jwt.auth.JwtAuthPlugin} Log in attempted for user 'neo4j'.
2024-08-01 11:32:41.685+0000 ERROR {plugin-com.neo4j.plugin.jwt.auth.JwtAuthPlugin} Invalid serialized unsecured/JWS/JWE object: Missing part delimiters
2024-08-01 11:32:41.685+0000 INFO  [neo4j]: logged in
2024-08-01 12:32:42.571+0000 INFO  {plugin-com.neo4j.plugin.jwt.auth.JwtAuthPlugin} Log in attempted for user 'neo4j'.
2024-08-01 12:32:42.571+0000 ERROR {plugin-com.neo4j.plugin.jwt.auth.JwtAuthPlugin} Invalid serialized unsecured/JWS/JWE object: Missing part delimiters
2024-08-01 12:32:42.572+0000 INFO  [neo4j]: logged in
2024-08-01 12:32:42.895+0000 INFO  {plugin-com.neo4j.plugin.jwt.auth.JwtAuthPlugin} Log in attempted for user 'neo4j'.
2024-08-01 12:32:42.895+0000 ERROR {plugin-com.neo4j.plugin.jwt.auth.JwtAuthPlugin} Invalid serialized unsecured/JWS/JWE object: Missing part delimiters
2024-08-01 12:32:42.895+0000 INFO  [neo4j]: logged in
2024-08-01 12:32:42.974+0000 INFO  {plugin-com.neo4j.plugin.jwt.auth.JwtAuthPlugin} Log in attempted for user 'neo4j'.
2024-08-01 12:32:42.974+0000 ERROR {plugin-com.neo4j.plugin.jwt.auth.JwtAuthPlugin} Invalid serialized unsecured/JWS/JWE object: Missing part delimiters
2024-08-01 12:32:42.974+0000 INFO  [neo4j]: logged in
2024-08-01 12:32:42.979+0000 INFO  {plugin-com.neo4j.plugin.jwt.auth.JwtAuthPlugin} Log in attempted for user 'neo4j'.
2024-08-01 12:32:42.979+0000 ERROR {plugin-com.neo4j.plugin.jwt.auth.JwtAuthPlugin} Invalid serialized unsecured/JWS/JWE object: Missing part delimiters
2024-08-01 12:32:42.979+0000 INFO  [neo4j]: logged in
2024-08-01 12:32:42.980+0000 INFO  {plugin-com.neo4j.plugin.jwt.auth.JwtAuthPlugin} Log in attempted for user 'neo4j'.
2024-08-01 12:32:42.980+0000 ERROR {plugin-com.neo4j.plugin.jwt.auth.JwtAuthPlugin} Invalid serialized unsecured/JWS/JWE object: Missing part delimiters
2024-08-01 12:32:42.980+0000 INFO  [neo4j]: logged in
2024-08-01 12:51:57.228+0000 INFO  {plugin-com.neo4j.plugin.jwt.auth.JwtAuthPlugin} Log in attempted for user 'neo4j'.
2024-08-01 12:51:57.232+0000 ERROR {plugin-com.neo4j.plugin.jwt.auth.JwtAuthPlugin} Invalid serialized unsecured/JWS/JWE object: Missing part delimiters
2024-08-01 12:51:57.238+0000 INFO  [neo4j]: logged in
2024-08-01 13:00:52.886+0000 INFO  {plugin-com.neo4j.plugin.jwt.auth.JwtAuthPlugin} Log in attempted for user 'neo4j'.
2024-08-01 13:00:52.887+0000 ERROR {plugin-com.neo4j.plugin.jwt.auth.JwtAuthPlugin} Invalid serialized unsecured/JWS/JWE object: Missing part delimiters
2024-08-01 13:00:52.888+0000 INFO  [neo4j]: logged in
2024-08-01 13:32:44.728+0000 INFO  {plugin-com.neo4j.plugin.jwt.auth.JwtAuthPlugin} Log in attempted for user 'neo4j'.
2024-08-01 13:32:44.728+0000 ERROR {plugin-com.neo4j.plugin.jwt.auth.JwtAuthPlugin} Invalid serialized unsecured/JWS/JWE object: Missing part delimiters
2024-08-01 13:32:44.728+0000 INFO  [neo4j]: logged in
2024-08-01 13:32:45.052+0000 INFO  {plugin-com.neo4j.plugin.jwt.auth.JwtAuthPlugin} Log in attempted for user 'neo4j'.
2024-08-01 13:32:45.052+0000 ERROR {plugin-com.neo4j.plugin.jwt.auth.JwtAuthPlugin} Invalid serialized unsecured/JWS/JWE object: Missing part delimiters
2024-08-01 13:32:45.052+0000 INFO  [neo4j]: logged in
2024-08-01 13:32:45.131+0000 INFO  {plugin-com.neo4j.plugin.jwt.auth.JwtAuthPlugin} Log in attempted for user 'neo4j'.
2024-08-01 13:32:45.131+0000 ERROR {plugin-com.neo4j.plugin.jwt.auth.JwtAuthPlugin} Invalid serialized unsecured/JWS/JWE object: Missing part delimiters
2024-08-01 13:32:45.131+0000 INFO  [neo4j]: logged in
2024-08-01 13:32:45.146+0000 INFO  {plugin-com.neo4j.plugin.jwt.auth.JwtAuthPlugin} Log in attempted for user 'neo4j'.
2024-08-01 13:32:45.146+0000 ERROR {plugin-com.neo4j.plugin.jwt.auth.JwtAuthPlugin} Invalid serialized unsecured/JWS/JWE object: Missing part delimiters
2024-08-01 13:32:45.146+0000 INFO  [neo4j]: logged in
2024-08-01 13:32:45.146+0000 INFO  {plugin-com.neo4j.plugin.jwt.auth.JwtAuthPlugin} Log in attempted for user 'neo4j'.
2024-08-01 13:32:45.146+0000 ERROR {plugin-com.neo4j.plugin.jwt.auth.JwtAuthPlugin} Invalid serialized unsecured/JWS/JWE object: Missing part delimiters
2024-08-01 13:32:45.146+0000 INFO  [neo4j]: logged in
2024-08-01 14:00:24.971+0000 INFO  {plugin-com.neo4j.plugin.jwt.auth.JwtAuthPlugin} Log in attempted for user 'neo4j'.
2024-08-01 14:00:24.971+0000 ERROR {plugin-com.neo4j.plugin.jwt.auth.JwtAuthPlugin} Invalid serialized unsecured/JWS/JWE object: Missing part delimiters
2024-08-01 14:00:24.972+0000 INFO  [neo4j]: logged in
2024-08-01 14:06:45.274+0000 INFO  {plugin-com.neo4j.plugin.jwt.auth.JwtAuthPlugin} Log in attempted for user 'neo4j'.
2024-08-01 14:06:45.274+0000 ERROR {plugin-com.neo4j.plugin.jwt.auth.JwtAuthPlugin} Invalid serialized unsecured/JWS/JWE object: Missing part delimiters
2024-08-01 14:06:45.274+0000 INFO  [neo4j]: logged in
2024-08-01 14:32:47.815+0000 INFO  {plugin-com.neo4j.plugin.jwt.auth.JwtAuthPlugin} Log in attempted for user 'neo4j'.
2024-08-01 14:32:47.818+0000 ERROR {plugin-com.neo4j.plugin.jwt.auth.JwtAuthPlugin} Invalid serialized unsecured/JWS/JWE object: Missing part delimiters
2024-08-01 14:32:47.824+0000 INFO  [neo4j]: logged in
2024-08-01 14:32:48.157+0000 INFO  {plugin-com.neo4j.plugin.jwt.auth.JwtAuthPlugin} Log in attempted for user 'neo4j'.
2024-08-01 14:32:48.157+0000 ERROR {plugin-com.neo4j.plugin.jwt.auth.JwtAuthPlugin} Invalid serialized unsecured/JWS/JWE object: Missing part delimiters
2024-08-01 14:32:48.157+0000 INFO  [neo4j]: logged in
2024-08-01 14:32:48.180+0000 INFO  {plugin-com.neo4j.plugin.jwt.auth.JwtAuthPlugin} Log in attempted for user 'neo4j'.
2024-08-01 14:32:48.180+0000 ERROR {plugin-com.neo4j.plugin.jwt.auth.JwtAuthPlugin} Invalid serialized unsecured/JWS/JWE object: Missing part delimiters
2024-08-01 14:32:48.181+0000 INFO  [neo4j]: logged in
2024-08-01 14:32:48.314+0000 INFO  {plugin-com.neo4j.plugin.jwt.auth.JwtAuthPlugin} Log in attempted for user 'neo4j'.
2024-08-01 14:32:48.314+0000 ERROR {plugin-com.neo4j.plugin.jwt.auth.JwtAuthPlugin} Invalid serialized unsecured/JWS/JWE object: Missing part delimiters
2024-08-01 14:32:48.314+0000 INFO  [neo4j]: logged in
2024-08-01 14:32:48.321+0000 INFO  {plugin-com.neo4j.plugin.jwt.auth.JwtAuthPlugin} Log in attempted for user 'neo4j'.
2024-08-01 14:32:48.321+0000 ERROR {plugin-com.neo4j.plugin.jwt.auth.JwtAuthPlugin} Invalid serialized unsecured/JWS/JWE object: Missing part delimiters
2024-08-01 14:32:48.322+0000 INFO  [neo4j]: logged in
2024-08-01 15:12:38.702+0000 INFO  {plugin-com.neo4j.plugin.jwt.auth.JwtAuthPlugin} Log in attempted for user 'neo4j'.
2024-08-01 15:12:38.702+0000 ERROR {plugin-com.neo4j.plugin.jwt.auth.JwtAuthPlugin} Invalid serialized unsecured/JWS/JWE object: Missing part delimiters
2024-08-01 15:12:38.703+0000 INFO  [neo4j]: logged in
2024-08-01 15:12:38.704+0000 INFO  {plugin-com.neo4j.plugin.jwt.auth.JwtAuthPlugin} Log in attempted for user 'neo4j'.
2024-08-01 15:12:38.705+0000 ERROR {plugin-com.neo4j.plugin.jwt.auth.JwtAuthPlugin} Invalid serialized unsecured/JWS/JWE object: Missing part delimiters
2024-08-01 15:12:38.705+0000 INFO  [neo4j]: logged in
2024-08-01 15:33:00.729+0000 INFO  {plugin-com.neo4j.plugin.jwt.auth.JwtAuthPlugin} Log in attempted for user 'neo4j'.
2024-08-01 15:33:00.729+0000 ERROR {plugin-com.neo4j.plugin.jwt.auth.JwtAuthPlugin} Invalid serialized unsecured/JWS/JWE object: Missing part delimiters
2024-08-01 15:33:00.729+0000 INFO  [neo4j]: logged in
2024-08-01 15:33:00.731+0000 INFO  {plugin-com.neo4j.plugin.jwt.auth.JwtAuthPlugin} Log in attempted for user 'neo4j'.
2024-08-01 15:33:00.731+0000 ERROR {plugin-com.neo4j.plugin.jwt.auth.JwtAuthPlugin} Invalid serialized unsecured/JWS/JWE object: Missing part delimiters
2024-08-01 15:33:00.731+0000 INFO  [neo4j]: logged in
2024-08-01 15:33:00.753+0000 INFO  {plugin-com.neo4j.plugin.jwt.auth.JwtAuthPlugin} Log in attempted for user 'neo4j'.
2024-08-01 15:33:00.753+0000 ERROR {plugin-com.neo4j.plugin.jwt.auth.JwtAuthPlugin} Invalid serialized unsecured/JWS/JWE object: Missing part delimiters
2024-08-01 15:33:00.753+0000 INFO  [neo4j]: logged in
2024-08-01 15:57:53.800+0000 INFO  {plugin-com.neo4j.plugin.jwt.auth.JwtAuthPlugin} Log in attempted for user 'neo4j'.
2024-08-01 15:57:53.800+0000 ERROR {plugin-com.neo4j.plugin.jwt.auth.JwtAuthPlugin} Invalid serialized unsecured/JWS/JWE object: Missing part delimiters
2024-08-01 15:57:53.800+0000 INFO  [neo4j]: logged in
2024-08-01 16:07:02.342+0000 INFO  {plugin-com.neo4j.plugin.jwt.auth.JwtAuthPlugin} Log in attempted for user 'neo4j'.
2024-08-01 16:07:02.344+0000 ERROR {plugin-com.neo4j.plugin.jwt.auth.JwtAuthPlugin} Invalid serialized unsecured/JWS/JWE object: Missing part delimiters
2024-08-01 16:07:02.345+0000 INFO  [neo4j]: logged in
2024-08-01 16:10:46.901+0000 INFO  {plugin-com.neo4j.plugin.jwt.auth.JwtAuthPlugin} Log in attempted for user 'neo4j'.
2024-08-01 16:10:46.917+0000 ERROR {plugin-com.neo4j.plugin.jwt.auth.JwtAuthPlugin} Invalid serialized unsecured/JWS/JWE object: Missing part delimiters
2024-08-01 16:10:46.917+0000 INFO  [neo4j]: logged in
2024-08-01 16:11:47.867+0000 INFO  {plugin-com.neo4j.plugin.jwt.auth.JwtAuthPlugin} Log in attempted for user 'neo4j'.
2024-08-01 16:11:47.867+0000 ERROR {plugin-com.neo4j.plugin.jwt.auth.JwtAuthPlugin} Invalid serialized unsecured/JWS/JWE object: Missing part delimiters
2024-08-01 16:11:47.867+0000 INFO  [neo4j]: logged in
2024-08-01 16:12:41.312+0000 INFO  {plugin-com.neo4j.plugin.jwt.auth.JwtAuthPlugin} Log in attempted for user 'neo4j'.
2024-08-01 16:12:41.312+0000 ERROR {plugin-com.neo4j.plugin.jwt.auth.JwtAuthPlugin} Invalid serialized unsecured/JWS/JWE object: Missing part delimiters
2024-08-01 16:12:41.312+0000 INFO  [neo4j]: logged in
2024-08-01 16:12:55.229+0000 INFO  {plugin-com.neo4j.plugin.jwt.auth.JwtAuthPlugin} Log in attempted for user 'neo4j'.
2024-08-01 16:12:55.229+0000 ERROR {plugin-com.neo4j.plugin.jwt.auth.JwtAuthPlugin} Invalid serialized unsecured/JWS/JWE object: Missing part delimiters
2024-08-01 16:12:55.230+0000 INFO  [neo4j]: logged in
2024-08-01 16:14:09.669+0000 INFO  {plugin-com.neo4j.plugin.jwt.auth.JwtAuthPlugin} Log in attempted for user 'neo4j'.
2024-08-01 16:14:09.669+0000 ERROR {plugin-com.neo4j.plugin.jwt.auth.JwtAuthPlugin} Invalid serialized unsecured/JWS/JWE object: Missing part delimiters
2024-08-01 16:14:09.669+0000 INFO  [neo4j]: logged in
2024-08-01 16:14:55.666+0000 INFO  {plugin-com.neo4j.plugin.jwt.auth.JwtAuthPlugin} Log in attempted for user 'neo4j'.
2024-08-01 16:14:55.666+0000 ERROR {plugin-com.neo4j.plugin.jwt.auth.JwtAuthPlugin} Invalid serialized unsecured/JWS/JWE object: Missing part delimiters
2024-08-01 16:14:55.666+0000 INFO  [neo4j]: logged in
2024-08-01 16:18:30.149+0000 INFO  {plugin-com.neo4j.plugin.jwt.auth.JwtAuthPlugin} Log in attempted for user 'neo4j'.
2024-08-01 16:18:30.149+0000 ERROR {plugin-com.neo4j.plugin.jwt.auth.JwtAuthPlugin} Invalid serialized unsecured/JWS/JWE object: Missing part delimiters
2024-08-01 16:18:30.149+0000 INFO  [neo4j]: logged in
2024-08-01 16:22:08.482+0000 INFO  {plugin-com.neo4j.plugin.jwt.auth.JwtAuthPlugin} Log in attempted for user 'neo4j'.
2024-08-01 16:22:08.483+0000 ERROR {plugin-com.neo4j.plugin.jwt.auth.JwtAuthPlugin} Invalid serialized unsecured/JWS/JWE object: Missing part delimiters
2024-08-01 16:22:08.483+0000 INFO  [neo4j]: logged in
2024-08-01 16:32:16.674+0000 INFO  {plugin-com.neo4j.plugin.jwt.auth.JwtAuthPlugin} Log in attempted for user 'neo4j'.
2024-08-01 16:32:16.689+0000 ERROR {plugin-com.neo4j.plugin.jwt.auth.JwtAuthPlugin} Invalid serialized unsecured/JWS/JWE object: Missing part delimiters
2024-08-01 16:32:16.689+0000 INFO  [neo4j]: logged in
2024-08-01 16:32:48.521+0000 INFO  {plugin-com.neo4j.plugin.jwt.auth.JwtAuthPlugin} Log in attempted for user 'neo4j'.
2024-08-01 16:32:48.521+0000 ERROR {plugin-com.neo4j.plugin.jwt.auth.JwtAuthPlugin} Invalid serialized unsecured/JWS/JWE object: Missing part delimiters
2024-08-01 16:32:48.521+0000 INFO  [neo4j]: logged in
2024-08-01 16:33:15.898+0000 INFO  {plugin-com.neo4j.plugin.jwt.auth.JwtAuthPlugin} Log in attempted for user 'neo4j'.
2024-08-01 16:33:15.898+0000 ERROR {plugin-com.neo4j.plugin.jwt.auth.JwtAuthPlugin} Invalid serialized unsecured/JWS/JWE object: Missing part delimiters
2024-08-01 16:33:15.898+0000 INFO  [neo4j]: logged in
2024-08-01 16:33:15.898+0000 INFO  {plugin-com.neo4j.plugin.jwt.auth.JwtAuthPlugin} Log in attempted for user 'neo4j'.
2024-08-01 16:33:15.898+0000 ERROR {plugin-com.neo4j.plugin.jwt.auth.JwtAuthPlugin} Invalid serialized unsecured/JWS/JWE object: Missing part delimiters
2024-08-01 16:33:15.898+0000 INFO  [neo4j]: logged in
2024-08-01 16:33:15.898+0000 INFO  {plugin-com.neo4j.plugin.jwt.auth.JwtAuthPlugin} Log in attempted for user 'neo4j'.
2024-08-01 16:33:15.898+0000 ERROR {plugin-com.neo4j.plugin.jwt.auth.JwtAuthPlugin} Invalid serialized unsecured/JWS/JWE object: Missing part delimiters
2024-08-01 16:33:15.898+0000 INFO  [neo4j]: logged in
2024-08-01 16:36:15.163+0000 INFO  {plugin-com.neo4j.plugin.jwt.auth.JwtAuthPlugin} Log in attempted for user 'neo4j'.
2024-08-01 16:36:15.163+0000 ERROR {plugin-com.neo4j.plugin.jwt.auth.JwtAuthPlugin} Invalid serialized unsecured/JWS/JWE object: Missing part delimiters
2024-08-01 16:36:15.163+0000 INFO  [neo4j]: logged in
2024-08-01 16:36:38.240+0000 INFO  {plugin-com.neo4j.plugin.jwt.auth.JwtAuthPlugin} Log in attempted for user 'neo4j'.
2024-08-01 16:36:38.240+0000 ERROR {plugin-com.neo4j.plugin.jwt.auth.JwtAuthPlugin} Invalid serialized unsecured/JWS/JWE object: Missing part delimiters
2024-08-01 16:36:38.240+0000 INFO  [neo4j]: logged in
2024-08-01 16:36:58.960+0000 INFO  {plugin-com.neo4j.plugin.jwt.auth.JwtAuthPlugin} Log in attempted for user 'neo4j'.
2024-08-01 16:36:58.960+0000 ERROR {plugin-com.neo4j.plugin.jwt.auth.JwtAuthPlugin} Invalid serialized unsecured/JWS/JWE object: Missing part delimiters
2024-08-01 16:36:58.960+0000 INFO  [neo4j]: logged in
2024-08-01 16:37:57.276+0000 INFO  {plugin-com.neo4j.plugin.jwt.auth.JwtAuthPlugin} Log in attempted for user 'neo4j'.
2024-08-01 16:37:57.276+0000 ERROR {plugin-com.neo4j.plugin.jwt.auth.JwtAuthPlugin} Invalid serialized unsecured/JWS/JWE object: Missing part delimiters
2024-08-01 16:37:57.276+0000 INFO  [neo4j]: logged in
2024-08-01 16:38:12.852+0000 INFO  {plugin-com.neo4j.plugin.jwt.auth.JwtAuthPlugin} Log in attempted for user 'neo4j'.
2024-08-01 16:38:12.852+0000 ERROR {plugin-com.neo4j.plugin.jwt.auth.JwtAuthPlugin} Invalid serialized unsecured/JWS/JWE object: Missing part delimiters
2024-08-01 16:38:12.852+0000 INFO  [neo4j]: logged in
2024-08-01 16:38:23.859+0000 INFO  {plugin-com.neo4j.plugin.jwt.auth.JwtAuthPlugin} Log in attempted for user 'neo4j'.
2024-08-01 16:38:23.859+0000 ERROR {plugin-com.neo4j.plugin.jwt.auth.JwtAuthPlugin} Invalid serialized unsecured/JWS/JWE object: Missing part delimiters
2024-08-01 16:38:23.859+0000 INFO  [neo4j]: logged in
2024-08-01 16:39:39.466+0000 INFO  {plugin-com.neo4j.plugin.jwt.auth.JwtAuthPlugin} Log in attempted for user 'neo4j'.
2024-08-01 16:39:39.466+0000 ERROR {plugin-com.neo4j.plugin.jwt.auth.JwtAuthPlugin} Invalid serialized unsecured/JWS/JWE object: Missing part delimiters
2024-08-01 16:39:39.466+0000 INFO  [neo4j]: logged in
2024-08-01 16:39:58.972+0000 INFO  {plugin-com.neo4j.plugin.jwt.auth.JwtAuthPlugin} Log in attempted for user 'neo4j'.
2024-08-01 16:39:58.972+0000 ERROR {plugin-com.neo4j.plugin.jwt.auth.JwtAuthPlugin} Invalid serialized unsecured/JWS/JWE object: Missing part delimiters
2024-08-01 16:39:58.972+0000 INFO  [neo4j]: logged in
2024-08-01 16:41:59.665+0000 INFO  {plugin-com.neo4j.plugin.jwt.auth.JwtAuthPlugin} Log in attempted for user 'neo4j'.
2024-08-01 16:41:59.665+0000 ERROR {plugin-com.neo4j.plugin.jwt.auth.JwtAuthPlugin} Invalid serialized unsecured/JWS/JWE object: Missing part delimiters
2024-08-01 16:41:59.665+0000 INFO  [neo4j]: logged in
2024-08-01 16:42:13.874+0000 INFO  {plugin-com.neo4j.plugin.jwt.auth.JwtAuthPlugin} Log in attempted for user 'neo4j'.
2024-08-01 16:42:13.874+0000 ERROR {plugin-com.neo4j.plugin.jwt.auth.JwtAuthPlugin} Invalid serialized unsecured/JWS/JWE object: Missing part delimiters
2024-08-01 16:42:13.874+0000 INFO  [neo4j]: logged in
2024-08-01 16:42:22.660+0000 INFO  {plugin-com.neo4j.plugin.jwt.auth.JwtAuthPlugin} Log in attempted for user 'neo4j'.
2024-08-01 16:42:22.661+0000 ERROR {plugin-com.neo4j.plugin.jwt.auth.JwtAuthPlugin} Invalid serialized unsecured/JWS/JWE object: Missing part delimiters
2024-08-01 16:42:22.661+0000 INFO  [neo4j]: logged in
2024-08-01 16:43:56.903+0000 INFO  {plugin-com.neo4j.plugin.jwt.auth.JwtAuthPlugin} Log in attempted for user 'neo4j'.
2024-08-01 16:43:56.903+0000 ERROR {plugin-com.neo4j.plugin.jwt.auth.JwtAuthPlugin} Invalid serialized unsecured/JWS/JWE object: Missing part delimiters
2024-08-01 16:43:56.903+0000 INFO  [neo4j]: logged in
2024-08-01 16:57:43.074+0000 INFO  {plugin-com.neo4j.plugin.jwt.auth.JwtAuthPlugin} Log in attempted for user 'neo4j'.
2024-08-01 16:57:43.074+0000 ERROR {plugin-com.neo4j.plugin.jwt.auth.JwtAuthPlugin} Invalid serialized unsecured/JWS/JWE object: Missing part delimiters
2024-08-01 16:57:43.074+0000 INFO  [neo4j]: logged in
2024-08-01 16:57:57.997+0000 INFO  {plugin-com.neo4j.plugin.jwt.auth.JwtAuthPlugin} Log in attempted for user 'neo4j'.
2024-08-01 16:57:57.997+0000 ERROR {plugin-com.neo4j.plugin.jwt.auth.JwtAuthPlugin} Invalid serialized unsecured/JWS/JWE object: Missing part delimiters
2024-08-01 16:57:57.997+0000 INFO  [neo4j]: logged in
2024-08-01 17:12:58.674+0000 INFO  {plugin-com.neo4j.plugin.jwt.auth.JwtAuthPlugin} Log in attempted for user 'neo4j'.
2024-08-01 17:12:58.674+0000 ERROR {plugin-com.neo4j.plugin.jwt.auth.JwtAuthPlugin} Invalid serialized unsecured/JWS/JWE object: Missing part delimiters
2024-08-01 17:12:58.674+0000 INFO  [neo4j]: logged in
2024-08-01 17:33:19.755+0000 INFO  {plugin-com.neo4j.plugin.jwt.auth.JwtAuthPlugin} Log in attempted for user 'neo4j'.
2024-08-01 17:33:19.756+0000 ERROR {plugin-com.neo4j.plugin.jwt.auth.JwtAuthPlugin} Invalid serialized unsecured/JWS/JWE object: Missing part delimiters
2024-08-01 17:33:19.756+0000 INFO  [neo4j]: logged in
2024-08-01 17:33:19.788+0000 INFO  {plugin-com.neo4j.plugin.jwt.auth.JwtAuthPlugin} Log in attempted for user 'neo4j'.
2024-08-01 17:33:19.788+0000 ERROR {plugin-com.neo4j.plugin.jwt.auth.JwtAuthPlugin} Invalid serialized unsecured/JWS/JWE object: Missing part delimiters
2024-08-01 17:33:19.788+0000 INFO  [neo4j]: logged in
2024-08-01 17:33:19.788+0000 INFO  {plugin-com.neo4j.plugin.jwt.auth.JwtAuthPlugin} Log in attempted for user 'neo4j'.
2024-08-01 17:33:19.788+0000 ERROR {plugin-com.neo4j.plugin.jwt.auth.JwtAuthPlugin} Invalid serialized unsecured/JWS/JWE object: Missing part delimiters
2024-08-01 17:33:19.788+0000 INFO  [neo4j]: logged in
2024-08-01 17:38:35.739+0000 INFO  {plugin-com.neo4j.plugin.jwt.auth.JwtAuthPlugin} Log in attempted for user 'neo4j'.
2024-08-01 17:38:35.739+0000 ERROR {plugin-com.neo4j.plugin.jwt.auth.JwtAuthPlugin} Invalid serialized unsecured/JWS/JWE object: Missing part delimiters
2024-08-01 17:38:35.739+0000 INFO  [neo4j]: logged in
2024-08-01 17:38:48.348+0000 INFO  {plugin-com.neo4j.plugin.jwt.auth.JwtAuthPlugin} Log in attempted for user 'neo4j'.
2024-08-01 17:38:48.348+0000 ERROR {plugin-com.neo4j.plugin.jwt.auth.JwtAuthPlugin} Invalid serialized unsecured/JWS/JWE object: Missing part delimiters
2024-08-01 17:38:48.348+0000 INFO  [neo4j]: logged in
2024-08-01 17:58:02.276+0000 INFO  {plugin-com.neo4j.plugin.jwt.auth.JwtAuthPlugin} Log in attempted for user 'neo4j'.
2024-08-01 17:58:02.276+0000 ERROR {plugin-com.neo4j.plugin.jwt.auth.JwtAuthPlugin} Invalid serialized unsecured/JWS/JWE object: Missing part delimiters
2024-08-01 17:58:02.276+0000 INFO  [neo4j]: logged in
2024-08-01 18:13:02.902+0000 INFO  {plugin-com.neo4j.plugin.jwt.auth.JwtAuthPlugin} Log in attempted for user 'neo4j'.
2024-08-01 18:13:02.902+0000 ERROR {plugin-com.neo4j.plugin.jwt.auth.JwtAuthPlugin} Invalid serialized unsecured/JWS/JWE object: Missing part delimiters
2024-08-01 18:13:02.902+0000 INFO  [neo4j]: logged in
2024-08-01 18:33:23.440+0000 INFO  {plugin-com.neo4j.plugin.jwt.auth.JwtAuthPlugin} Log in attempted for user 'neo4j'.
2024-08-01 18:33:23.440+0000 ERROR {plugin-com.neo4j.plugin.jwt.auth.JwtAuthPlugin} Invalid serialized unsecured/JWS/JWE object: Missing part delimiters
2024-08-01 18:33:23.440+0000 INFO  [neo4j]: logged in
2024-08-01 18:33:23.454+0000 INFO  {plugin-com.neo4j.plugin.jwt.auth.JwtAuthPlugin} Log in attempted for user 'neo4j'.
2024-08-01 18:33:23.454+0000 ERROR {plugin-com.neo4j.plugin.jwt.auth.JwtAuthPlugin} Invalid serialized unsecured/JWS/JWE object: Missing part delimiters
2024-08-01 18:33:23.455+0000 INFO  [neo4j]: logged in
2024-08-01 18:33:23.519+0000 INFO  {plugin-com.neo4j.plugin.jwt.auth.JwtAuthPlugin} Log in attempted for user 'neo4j'.
2024-08-01 18:33:23.519+0000 ERROR {plugin-com.neo4j.plugin.jwt.auth.JwtAuthPlugin} Invalid serialized unsecured/JWS/JWE object: Missing part delimiters
2024-08-01 18:33:23.519+0000 INFO  [neo4j]: logged in
2024-08-01 18:58:04.276+0000 INFO  {plugin-com.neo4j.plugin.jwt.auth.JwtAuthPlugin} Log in attempted for user 'neo4j'.
2024-08-01 18:58:04.277+0000 ERROR {plugin-com.neo4j.plugin.jwt.auth.JwtAuthPlugin} Invalid serialized unsecured/JWS/JWE object: Missing part delimiters
2024-08-01 18:58:04.277+0000 INFO  [neo4j]: logged in
2024-08-01 19:13:04.808+0000 INFO  {plugin-com.neo4j.plugin.jwt.auth.JwtAuthPlugin} Log in attempted for user 'neo4j'.
2024-08-01 19:13:04.808+0000 ERROR {plugin-com.neo4j.plugin.jwt.auth.JwtAuthPlugin} Invalid serialized unsecured/JWS/JWE object: Missing part delimiters
2024-08-01 19:13:04.808+0000 INFO  [neo4j]: logged in
2024-08-01 19:33:25.472+0000 INFO  {plugin-com.neo4j.plugin.jwt.auth.JwtAuthPlugin} Log in attempted for user 'neo4j'.
2024-08-01 19:33:25.473+0000 ERROR {plugin-com.neo4j.plugin.jwt.auth.JwtAuthPlugin} Invalid serialized unsecured/JWS/JWE object: Missing part delimiters
2024-08-01 19:33:25.473+0000 INFO  [neo4j]: logged in
2024-08-01 19:33:25.525+0000 INFO  {plugin-com.neo4j.plugin.jwt.auth.JwtAuthPlugin} Log in attempted for user 'neo4j'.
2024-08-01 19:33:25.525+0000 ERROR {plugin-com.neo4j.plugin.jwt.auth.JwtAuthPlugin} Invalid serialized unsecured/JWS/JWE object: Missing part delimiters
2024-08-01 19:33:25.525+0000 INFO  [neo4j]: logged in
2024-08-01 19:33:25.525+0000 INFO  {plugin-com.neo4j.plugin.jwt.auth.JwtAuthPlugin} Log in attempted for user 'neo4j'.
2024-08-01 19:33:25.525+0000 ERROR {plugin-com.neo4j.plugin.jwt.auth.JwtAuthPlugin} Invalid serialized unsecured/JWS/JWE object: Missing part delimiters
2024-08-01 19:33:25.525+0000 INFO  [neo4j]: logged in
2024-08-01 19:58:06.237+0000 INFO  {plugin-com.neo4j.plugin.jwt.auth.JwtAuthPlugin} Log in attempted for user 'neo4j'.
2024-08-01 19:58:06.237+0000 ERROR {plugin-com.neo4j.plugin.jwt.auth.JwtAuthPlugin} Invalid serialized unsecured/JWS/JWE object: Missing part delimiters
2024-08-01 19:58:06.237+0000 INFO  [neo4j]: logged in
2024-08-01 20:13:06.651+0000 INFO  {plugin-com.neo4j.plugin.jwt.auth.JwtAuthPlugin} Log in attempted for user 'neo4j'.
2024-08-01 20:13:06.651+0000 ERROR {plugin-com.neo4j.plugin.jwt.auth.JwtAuthPlugin} Invalid serialized unsecured/JWS/JWE object: Missing part delimiters
2024-08-01 20:13:06.651+0000 INFO  [neo4j]: logged in
2024-08-01 20:33:29.269+0000 INFO  {plugin-com.neo4j.plugin.jwt.auth.JwtAuthPlugin} Log in attempted for user 'neo4j'.
2024-08-01 20:33:29.269+0000 INFO  {plugin-com.neo4j.plugin.jwt.auth.JwtAuthPlugin} Log in attempted for user 'neo4j'.
2024-08-01 20:33:29.269+0000 INFO  {plugin-com.neo4j.plugin.jwt.auth.JwtAuthPlugin} Log in attempted for user 'neo4j'.
2024-08-01 20:33:29.273+0000 ERROR {plugin-com.neo4j.plugin.jwt.auth.JwtAuthPlugin} Invalid serialized unsecured/JWS/JWE object: Missing part delimiters
2024-08-01 20:33:29.273+0000 ERROR {plugin-com.neo4j.plugin.jwt.auth.JwtAuthPlugin} Invalid serialized unsecured/JWS/JWE object: Missing part delimiters
2024-08-01 20:33:29.275+0000 ERROR {plugin-com.neo4j.plugin.jwt.auth.JwtAuthPlugin} Invalid serialized unsecured/JWS/JWE object: Missing part delimiters
2024-08-01 20:33:29.280+0000 INFO  [neo4j]: logged in
2024-08-01 20:33:29.280+0000 INFO  [neo4j]: logged in
2024-08-01 20:33:29.280+0000 INFO  [neo4j]: logged in
2024-08-01 20:58:32.934+0000 INFO  {plugin-com.neo4j.plugin.jwt.auth.JwtAuthPlugin} Log in attempted for user 'neo4j'.
2024-08-01 20:58:32.934+0000 ERROR {plugin-com.neo4j.plugin.jwt.auth.JwtAuthPlugin} Invalid serialized unsecured/JWS/JWE object: Missing part delimiters
2024-08-01 20:58:32.950+0000 INFO  [neo4j]: logged in
